{"total": {"lines":{"total":1638,"covered":1503,"skipped":0,"pct":91.75},"statements":{"total":1724,"covered":1546,"skipped":0,"pct":89.67},"functions":{"total":365,"covered":338,"skipped":0,"pct":92.6},"branches":{"total":794,"covered":593,"skipped":0,"pct":74.68},"branchesTrue":{"total":0,"covered":0,"skipped":0,"pct":100}}
,"E:\\文档\\Github\\request-iframe\\react\\src\\index.ts": {"lines":{"total":88,"covered":76,"skipped":0,"pct":86.36},"functions":{"total":22,"covered":20,"skipped":0,"pct":90.9},"statements":{"total":89,"covered":77,"skipped":0,"pct":86.51},"branches":{"total":20,"covered":13,"skipped":0,"pct":65}}
,"E:\\文档\\Github\\request-iframe\\src\\api\\client.ts": {"lines":{"total":25,"covered":25,"skipped":0,"pct":100},"functions":{"total":2,"covered":2,"skipped":0,"pct":100},"statements":{"total":25,"covered":25,"skipped":0,"pct":100},"branches":{"total":4,"covered":4,"skipped":0,"pct":100}}
,"E:\\文档\\Github\\request-iframe\\src\\api\\server.ts": {"lines":{"total":19,"covered":19,"skipped":0,"pct":100},"functions":{"total":2,"covered":2,"skipped":0,"pct":100},"statements":{"total":19,"covered":19,"skipped":0,"pct":100},"branches":{"total":4,"covered":4,"skipped":0,"pct":100}}
,"E:\\文档\\Github\\request-iframe\\src\\constants\\index.ts": {"lines":{"total":14,"covered":14,"skipped":0,"pct":100},"functions":{"total":6,"covered":3,"skipped":0,"pct":50},"statements":{"total":19,"covered":19,"skipped":0,"pct":100},"branches":{"total":2,"covered":2,"skipped":0,"pct":100}}
,"E:\\文档\\Github\\request-iframe\\src\\constants\\messages.ts": {"lines":{"total":14,"covered":11,"skipped":0,"pct":78.57},"functions":{"total":6,"covered":3,"skipped":0,"pct":50},"statements":{"total":14,"covered":11,"skipped":0,"pct":78.57},"branches":{"total":4,"covered":3,"skipped":0,"pct":75}}
,"E:\\文档\\Github\\request-iframe\\src\\core\\client-server.ts": {"lines":{"total":83,"covered":62,"skipped":0,"pct":74.69},"functions":{"total":22,"covered":15,"skipped":0,"pct":68.18},"statements":{"total":87,"covered":63,"skipped":0,"pct":72.41},"branches":{"total":27,"covered":19,"skipped":0,"pct":70.37}}
,"E:\\文档\\Github\\request-iframe\\src\\core\\client.ts": {"lines":{"total":235,"covered":225,"skipped":0,"pct":95.74},"functions":{"total":53,"covered":51,"skipped":0,"pct":96.22},"statements":{"total":247,"covered":230,"skipped":0,"pct":93.11},"branches":{"total":152,"covered":112,"skipped":0,"pct":73.68}}
,"E:\\文档\\Github\\request-iframe\\src\\core\\request.ts": {"lines":{"total":13,"covered":13,"skipped":0,"pct":100},"functions":{"total":1,"covered":1,"skipped":0,"pct":100},"statements":{"total":13,"covered":13,"skipped":0,"pct":100},"branches":{"total":8,"covered":5,"skipped":0,"pct":62.5}}
,"E:\\文档\\Github\\request-iframe\\src\\core\\response.ts": {"lines":{"total":95,"covered":89,"skipped":0,"pct":93.68},"functions":{"total":20,"covered":20,"skipped":0,"pct":100},"statements":{"total":101,"covered":90,"skipped":0,"pct":89.1},"branches":{"total":52,"covered":36,"skipped":0,"pct":69.23}}
,"E:\\文档\\Github\\request-iframe\\src\\core\\server.ts": {"lines":{"total":206,"covered":196,"skipped":0,"pct":95.14},"functions":{"total":49,"covered":46,"skipped":0,"pct":93.87},"statements":{"total":219,"covered":202,"skipped":0,"pct":92.23},"branches":{"total":88,"covered":66,"skipped":0,"pct":75}}
,"E:\\文档\\Github\\request-iframe\\src\\interceptors\\index.ts": {"lines":{"total":30,"covered":26,"skipped":0,"pct":86.66},"functions":{"total":14,"covered":13,"skipped":0,"pct":92.85},"statements":{"total":30,"covered":26,"skipped":0,"pct":86.66},"branches":{"total":4,"covered":3,"skipped":0,"pct":75}}
,"E:\\文档\\Github\\request-iframe\\src\\message\\channel.ts": {"lines":{"total":32,"covered":32,"skipped":0,"pct":100},"functions":{"total":13,"covered":13,"skipped":0,"pct":100},"statements":{"total":34,"covered":34,"skipped":0,"pct":100},"branches":{"total":9,"covered":9,"skipped":0,"pct":100}}
,"E:\\文档\\Github\\request-iframe\\src\\message\\dispatcher.ts": {"lines":{"total":64,"covered":63,"skipped":0,"pct":98.43},"functions":{"total":16,"covered":16,"skipped":0,"pct":100},"statements":{"total":66,"covered":65,"skipped":0,"pct":98.48},"branches":{"total":27,"covered":27,"skipped":0,"pct":100}}
,"E:\\文档\\Github\\request-iframe\\src\\message\\index.ts": {"lines":{"total":2,"covered":2,"skipped":0,"pct":100},"functions":{"total":3,"covered":3,"skipped":0,"pct":100},"statements":{"total":5,"covered":5,"skipped":0,"pct":100},"branches":{"total":0,"covered":0,"skipped":0,"pct":100}}
,"E:\\文档\\Github\\request-iframe\\src\\stream\\file-stream.ts": {"lines":{"total":62,"covered":60,"skipped":0,"pct":96.77},"functions":{"total":12,"covered":12,"skipped":0,"pct":100},"statements":{"total":65,"covered":63,"skipped":0,"pct":96.92},"branches":{"total":28,"covered":19,"skipped":0,"pct":67.85}}
,"E:\\文档\\Github\\request-iframe\\src\\stream\\index.ts": {"lines":{"total":16,"covered":16,"skipped":0,"pct":100},"functions":{"total":8,"covered":8,"skipped":0,"pct":100},"statements":{"total":20,"covered":20,"skipped":0,"pct":100},"branches":{"total":2,"covered":2,"skipped":0,"pct":100}}
,"E:\\文档\\Github\\request-iframe\\src\\stream\\readable-stream.ts": {"lines":{"total":87,"covered":72,"skipped":0,"pct":82.75},"functions":{"total":17,"covered":16,"skipped":0,"pct":94.11},"statements":{"total":93,"covered":74,"skipped":0,"pct":79.56},"branches":{"total":42,"covered":28,"skipped":0,"pct":66.66}}
,"E:\\文档\\Github\\request-iframe\\src\\stream\\writable-stream.ts": {"lines":{"total":69,"covered":66,"skipped":0,"pct":95.65},"functions":{"total":13,"covered":13,"skipped":0,"pct":100},"statements":{"total":74,"covered":67,"skipped":0,"pct":90.54},"branches":{"total":38,"covered":28,"skipped":0,"pct":73.68}}
,"E:\\文档\\Github\\request-iframe\\src\\utils\\cache.ts": {"lines":{"total":53,"covered":53,"skipped":0,"pct":100},"functions":{"total":13,"covered":13,"skipped":0,"pct":100},"statements":{"total":56,"covered":55,"skipped":0,"pct":98.21},"branches":{"total":17,"covered":15,"skipped":0,"pct":88.23}}
,"E:\\文档\\Github\\request-iframe\\src\\utils\\cookie.ts": {"lines":{"total":136,"covered":118,"skipped":0,"pct":86.76},"functions":{"total":23,"covered":22,"skipped":0,"pct":95.65},"statements":{"total":144,"covered":121,"skipped":0,"pct":84.02},"branches":{"total":80,"covered":61,"skipped":0,"pct":76.25}}
,"E:\\文档\\Github\\request-iframe\\src\\utils\\debug.ts": {"lines":{"total":158,"covered":142,"skipped":0,"pct":89.87},"functions":{"total":24,"covered":23,"skipped":0,"pct":95.83},"statements":{"total":159,"covered":142,"skipped":0,"pct":89.3},"branches":{"total":86,"covered":62,"skipped":0,"pct":72.09}}
,"E:\\文档\\Github\\request-iframe\\src\\utils\\index.ts": {"lines":{"total":63,"covered":54,"skipped":0,"pct":85.71},"functions":{"total":15,"covered":12,"skipped":0,"pct":80},"statements":{"total":69,"covered":54,"skipped":0,"pct":78.26},"branches":{"total":55,"covered":36,"skipped":0,"pct":65.45}}
,"E:\\文档\\Github\\request-iframe\\src\\utils\\path-match.ts": {"lines":{"total":42,"covered":38,"skipped":0,"pct":90.47},"functions":{"total":4,"covered":4,"skipped":0,"pct":100},"statements":{"total":44,"covered":40,"skipped":0,"pct":90.9},"branches":{"total":20,"covered":15,"skipped":0,"pct":75}}
,"E:\\文档\\Github\\request-iframe\\src\\utils\\protocol.ts": {"lines":{"total":32,"covered":31,"skipped":0,"pct":96.87},"functions":{"total":7,"covered":7,"skipped":0,"pct":100},"statements":{"total":32,"covered":31,"skipped":0,"pct":96.87},"branches":{"total":25,"covered":24,"skipped":0,"pct":96}}
}
