{"total": {"lines":{"total":2211,"covered":1973,"skipped":0,"pct":89.23},"statements":{"total":2349,"covered":2051,"skipped":0,"pct":87.31},"functions":{"total":456,"covered":396,"skipped":0,"pct":86.84},"branches":{"total":1074,"covered":799,"skipped":0,"pct":74.39},"branchesTrue":{"total":0,"covered":0,"skipped":0,"pct":100}}
,"E:\\文档\\Github\\request-iframe\\react\\src\\index.ts": {"lines":{"total":90,"covered":78,"skipped":0,"pct":86.66},"functions":{"total":23,"covered":21,"skipped":0,"pct":91.3},"statements":{"total":91,"covered":79,"skipped":0,"pct":86.81},"branches":{"total":20,"covered":13,"skipped":0,"pct":65}}
,"E:\\文档\\Github\\request-iframe\\src\\api\\client.ts": {"lines":{"total":27,"covered":26,"skipped":0,"pct":96.29},"functions":{"total":2,"covered":2,"skipped":0,"pct":100},"statements":{"total":27,"covered":26,"skipped":0,"pct":96.29},"branches":{"total":5,"covered":4,"skipped":0,"pct":80}}
,"E:\\文档\\Github\\request-iframe\\src\\api\\server.ts": {"lines":{"total":19,"covered":19,"skipped":0,"pct":100},"functions":{"total":2,"covered":2,"skipped":0,"pct":100},"statements":{"total":19,"covered":19,"skipped":0,"pct":100},"branches":{"total":4,"covered":4,"skipped":0,"pct":100}}
,"E:\\文档\\Github\\request-iframe\\src\\constants\\index.ts": {"lines":{"total":16,"covered":16,"skipped":0,"pct":100},"functions":{"total":6,"covered":3,"skipped":0,"pct":50},"statements":{"total":21,"covered":21,"skipped":0,"pct":100},"branches":{"total":2,"covered":2,"skipped":0,"pct":100}}
,"E:\\文档\\Github\\request-iframe\\src\\constants\\messages.ts": {"lines":{"total":14,"covered":11,"skipped":0,"pct":78.57},"functions":{"total":6,"covered":3,"skipped":0,"pct":50},"statements":{"total":14,"covered":11,"skipped":0,"pct":78.57},"branches":{"total":4,"covered":3,"skipped":0,"pct":75}}
,"E:\\文档\\Github\\request-iframe\\src\\core\\client-server.ts": {"lines":{"total":105,"covered":99,"skipped":0,"pct":94.28},"functions":{"total":23,"covered":20,"skipped":0,"pct":86.95},"statements":{"total":110,"covered":103,"skipped":0,"pct":93.63},"branches":{"total":37,"covered":35,"skipped":0,"pct":94.59}}
,"E:\\文档\\Github\\request-iframe\\src\\core\\client.ts": {"lines":{"total":267,"covered":210,"skipped":0,"pct":78.65},"functions":{"total":59,"covered":41,"skipped":0,"pct":69.49},"statements":{"total":281,"covered":214,"skipped":0,"pct":76.15},"branches":{"total":178,"covered":115,"skipped":0,"pct":64.6}}
,"E:\\文档\\Github\\request-iframe\\src\\core\\request.ts": {"lines":{"total":13,"covered":13,"skipped":0,"pct":100},"functions":{"total":1,"covered":1,"skipped":0,"pct":100},"statements":{"total":13,"covered":13,"skipped":0,"pct":100},"branches":{"total":8,"covered":5,"skipped":0,"pct":62.5}}
,"E:\\文档\\Github\\request-iframe\\src\\core\\response.ts": {"lines":{"total":123,"covered":105,"skipped":0,"pct":85.36},"functions":{"total":23,"covered":22,"skipped":0,"pct":95.65},"statements":{"total":130,"covered":106,"skipped":0,"pct":81.53},"branches":{"total":61,"covered":38,"skipped":0,"pct":62.29}}
,"E:\\文档\\Github\\request-iframe\\src\\core\\server.ts": {"lines":{"total":286,"covered":238,"skipped":0,"pct":83.21},"functions":{"total":67,"covered":52,"skipped":0,"pct":77.61},"statements":{"total":311,"covered":246,"skipped":0,"pct":79.09},"branches":{"total":117,"covered":77,"skipped":0,"pct":65.81}}
,"E:\\文档\\Github\\request-iframe\\src\\interceptors\\index.ts": {"lines":{"total":30,"covered":26,"skipped":0,"pct":86.66},"functions":{"total":14,"covered":13,"skipped":0,"pct":92.85},"statements":{"total":30,"covered":26,"skipped":0,"pct":86.66},"branches":{"total":4,"covered":3,"skipped":0,"pct":75}}
,"E:\\文档\\Github\\request-iframe\\src\\message\\channel.ts": {"lines":{"total":35,"covered":34,"skipped":0,"pct":97.14},"functions":{"total":13,"covered":13,"skipped":0,"pct":100},"statements":{"total":37,"covered":36,"skipped":0,"pct":97.29},"branches":{"total":10,"covered":9,"skipped":0,"pct":90}}
,"E:\\文档\\Github\\request-iframe\\src\\message\\dispatcher.ts": {"lines":{"total":90,"covered":88,"skipped":0,"pct":97.77},"functions":{"total":20,"covered":20,"skipped":0,"pct":100},"statements":{"total":94,"covered":91,"skipped":0,"pct":96.8},"branches":{"total":55,"covered":50,"skipped":0,"pct":90.9}}
,"E:\\文档\\Github\\request-iframe\\src\\message\\index.ts": {"lines":{"total":2,"covered":2,"skipped":0,"pct":100},"functions":{"total":3,"covered":3,"skipped":0,"pct":100},"statements":{"total":5,"covered":5,"skipped":0,"pct":100},"branches":{"total":0,"covered":0,"skipped":0,"pct":100}}
,"E:\\文档\\Github\\request-iframe\\src\\stream\\file-stream.ts": {"lines":{"total":65,"covered":63,"skipped":0,"pct":96.92},"functions":{"total":13,"covered":13,"skipped":0,"pct":100},"statements":{"total":68,"covered":66,"skipped":0,"pct":97.05},"branches":{"total":28,"covered":19,"skipped":0,"pct":67.85}}
,"E:\\文档\\Github\\request-iframe\\src\\stream\\index.ts": {"lines":{"total":16,"covered":16,"skipped":0,"pct":100},"functions":{"total":8,"covered":8,"skipped":0,"pct":100},"statements":{"total":20,"covered":20,"skipped":0,"pct":100},"branches":{"total":2,"covered":2,"skipped":0,"pct":100}}
,"E:\\文档\\Github\\request-iframe\\src\\stream\\readable-stream.ts": {"lines":{"total":170,"covered":159,"skipped":0,"pct":93.52},"functions":{"total":28,"covered":25,"skipped":0,"pct":89.28},"statements":{"total":179,"covered":165,"skipped":0,"pct":92.17},"branches":{"total":95,"covered":78,"skipped":0,"pct":82.1}}
,"E:\\文档\\Github\\request-iframe\\src\\stream\\stream-core.ts": {"lines":{"total":82,"covered":75,"skipped":0,"pct":91.46},"functions":{"total":23,"covered":19,"skipped":0,"pct":82.6},"statements":{"total":90,"covered":82,"skipped":0,"pct":91.11},"branches":{"total":44,"covered":32,"skipped":0,"pct":72.72}}
,"E:\\文档\\Github\\request-iframe\\src\\stream\\writable-stream.ts": {"lines":{"total":217,"covered":201,"skipped":0,"pct":92.62},"functions":{"total":30,"covered":28,"skipped":0,"pct":93.33},"statements":{"total":232,"covered":209,"skipped":0,"pct":90.08},"branches":{"total":85,"covered":68,"skipped":0,"pct":80}}
,"E:\\文档\\Github\\request-iframe\\src\\utils\\ack-meta.ts": {"lines":{"total":28,"covered":28,"skipped":0,"pct":100},"functions":{"total":1,"covered":1,"skipped":0,"pct":100},"statements":{"total":38,"covered":37,"skipped":0,"pct":97.36},"branches":{"total":20,"covered":19,"skipped":0,"pct":95}}
,"E:\\文档\\Github\\request-iframe\\src\\utils\\cache.ts": {"lines":{"total":53,"covered":53,"skipped":0,"pct":100},"functions":{"total":13,"covered":13,"skipped":0,"pct":100},"statements":{"total":56,"covered":55,"skipped":0,"pct":98.21},"branches":{"total":17,"covered":15,"skipped":0,"pct":88.23}}
,"E:\\文档\\Github\\request-iframe\\src\\utils\\cookie.ts": {"lines":{"total":136,"covered":117,"skipped":0,"pct":86.02},"functions":{"total":23,"covered":22,"skipped":0,"pct":95.65},"statements":{"total":144,"covered":120,"skipped":0,"pct":83.33},"branches":{"total":80,"covered":59,"skipped":0,"pct":73.75}}
,"E:\\文档\\Github\\request-iframe\\src\\utils\\debug.ts": {"lines":{"total":160,"covered":144,"skipped":0,"pct":90},"functions":{"total":24,"covered":23,"skipped":0,"pct":95.83},"statements":{"total":161,"covered":144,"skipped":0,"pct":89.44},"branches":{"total":88,"covered":64,"skipped":0,"pct":72.72}}
,"E:\\文档\\Github\\request-iframe\\src\\utils\\error.ts": {"lines":{"total":9,"covered":9,"skipped":0,"pct":100},"functions":{"total":1,"covered":1,"skipped":0,"pct":100},"statements":{"total":9,"covered":9,"skipped":0,"pct":100},"branches":{"total":1,"covered":1,"skipped":0,"pct":100}}
,"E:\\文档\\Github\\request-iframe\\src\\utils\\index.ts": {"lines":{"total":75,"covered":65,"skipped":0,"pct":86.66},"functions":{"total":17,"covered":14,"skipped":0,"pct":82.35},"statements":{"total":82,"covered":66,"skipped":0,"pct":80.48},"branches":{"total":60,"covered":41,"skipped":0,"pct":68.33}}
,"E:\\文档\\Github\\request-iframe\\src\\utils\\origin.ts": {"lines":{"total":9,"covered":9,"skipped":0,"pct":100},"functions":{"total":2,"covered":2,"skipped":0,"pct":100},"statements":{"total":11,"covered":11,"skipped":0,"pct":100},"branches":{"total":4,"covered":4,"skipped":0,"pct":100}}
,"E:\\文档\\Github\\request-iframe\\src\\utils\\path-match.ts": {"lines":{"total":42,"covered":38,"skipped":0,"pct":90.47},"functions":{"total":4,"covered":4,"skipped":0,"pct":100},"statements":{"total":44,"covered":40,"skipped":0,"pct":90.9},"branches":{"total":20,"covered":15,"skipped":0,"pct":75}}
,"E:\\文档\\Github\\request-iframe\\src\\utils\\protocol.ts": {"lines":{"total":32,"covered":31,"skipped":0,"pct":96.87},"functions":{"total":7,"covered":7,"skipped":0,"pct":100},"statements":{"total":32,"covered":31,"skipped":0,"pct":96.87},"branches":{"total":25,"covered":24,"skipped":0,"pct":96}}
}
