TN:
SF:react\src\index.ts
FN:50,useClient
FN:57,(anonymous_1)
FN:79,(anonymous_2)
FN:113,useServer
FN:119,(anonymous_4)
FN:125,(anonymous_5)
FN:159,useServerHandler
FN:168,(anonymous_7)
FN:172,(anonymous_8)
FN:212,useServerHandlerMap
FN:220,(anonymous_10)
FN:224,(anonymous_11)
FN:225,(anonymous_12)
FN:226,(anonymous_13)
FN:233,(anonymous_14)
FNF:15
FNH:13
FNDA:22,useClient
FNDA:11,(anonymous_1)
FNDA:9,(anonymous_2)
FNDA:44,useServer
FNDA:18,(anonymous_4)
FNDA:18,(anonymous_5)
FNDA:14,useServerHandler
FNDA:0,(anonymous_7)
FNDA:13,(anonymous_8)
FNDA:19,useServerHandlerMap
FNDA:11,(anonymous_10)
FNDA:11,(anonymous_11)
FNDA:13,(anonymous_12)
FNDA:0,(anonymous_13)
FNDA:19,(anonymous_14)
DA:1,1
DA:2,1
DA:50,1
DA:55,22
DA:57,22
DA:59,11
DA:64,11
DA:65,2
DA:66,2
DA:70,11
DA:71,2
DA:75,9
DA:76,9
DA:79,9
DA:80,9
DA:81,9
DA:82,9
DA:87,22
DA:113,1
DA:117,44
DA:119,44
DA:121,18
DA:122,18
DA:125,18
DA:126,18
DA:127,18
DA:128,18
DA:133,44
DA:159,1
DA:165,14
DA:166,14
DA:168,14
DA:169,0
DA:172,14
DA:173,13
DA:174,6
DA:178,7
DA:181,7
DA:212,1
DA:217,19
DA:218,19
DA:220,19
DA:221,11
DA:224,19
DA:225,11
DA:226,13
DA:227,0
DA:229,13
DA:233,19
DA:234,19
DA:235,8
DA:238,11
DA:241,11
LF:53
LH:51
BRDA:59,0,0,10
BRDA:59,0,1,1
BRDA:64,1,0,2
BRDA:70,2,0,2
BRDA:80,3,0,9
BRDA:85,4,0,8
BRDA:85,4,1,14
BRDA:126,5,0,18
BRDA:131,6,0,4
BRDA:131,6,1,40
BRDA:173,7,0,6
BRDA:182,8,0,14
BRDA:182,8,1,0
BRDA:234,9,0,8
BRDA:242,10,0,19
BRDA:242,10,1,0
BRF:16
BRH:14
end_of_record
TN:
SF:src\api\client.ts
FN:16,requestIframeClient
FN:72,clearRequestIframeClientCache
FNF:2
FNH:2
FNDA:52,requestIframeClient
FNDA:184,clearRequestIframeClientCache
DA:2,2
DA:3,2
DA:4,2
DA:5,2
DA:6,2
DA:16,2
DA:20,52
DA:21,52
DA:23,52
DA:24,52
DA:25,52
DA:26,52
DA:27,52
DA:28,1
DA:34,0
DA:35,0
DA:39,51
DA:42,51
DA:45,51
DA:52,51
DA:61,51
DA:62,0
DA:65,51
DA:72,2
DA:76,184
LF:25
LH:22
BRDA:23,0,0,52
BRDA:23,0,1,0
BRDA:27,1,0,1
BRDA:61,2,0,0
BRF:4
BRH:2
end_of_record
TN:
SF:src\api\server.ts
FN:15,requestIframeServer
FN:55,clearRequestIframeServerCache
FNF:2
FNH:2
FNDA:86,requestIframeServer
FNDA:234,clearRequestIframeServerCache
DA:2,3
DA:3,3
DA:4,3
DA:15,3
DA:19,86
DA:20,86
DA:23,86
DA:24,2
DA:25,2
DA:26,0
DA:31,86
DA:39,86
DA:40,0
DA:44,86
DA:45,2
DA:48,86
DA:55,3
DA:57,234
DA:59,234
LF:19
LH:17
BRDA:23,0,0,2
BRDA:25,1,0,0
BRDA:39,2,0,0
BRDA:44,3,0,2
BRF:4
BRH:2
end_of_record
TN:
SF:src\constants\index.ts
FN:71,getStatusText
FN:251,(anonymous_1)
FN:251,(anonymous_2)
FN:251,(anonymous_3)
FN:251,(anonymous_4)
FN:251,(anonymous_5)
FNF:6
FNH:3
FNDA:43,getStatusText
FNDA:87,(anonymous_1)
FNDA:9,(anonymous_2)
FNDA:0,(anonymous_3)
FNDA:0,(anonymous_4)
FNDA:0,(anonymous_5)
DA:10,7
DA:39,7
DA:55,7
DA:71,7
DA:72,43
DA:78,7
DA:106,7
DA:135,7
DA:147,7
DA:164,7
DA:195,7
DA:206,7
DA:230,7
DA:251,94
LF:14
LH:14
BRDA:72,0,0,43
BRDA:72,0,1,0
BRF:2
BRH:1
end_of_record
TN:
SF:src\constants\messages.ts
FN:102,(anonymous_0)
FN:111,setMessages
FN:118,resetMessages
FN:135,formatMessage
FN:136,(anonymous_4)
FN:145,getMessages
FNF:6
FNH:3
FNDA:87,(anonymous_0)
FNDA:0,setMessages
FNDA:0,resetMessages
FNDA:9,formatMessage
FNDA:11,(anonymous_4)
FNDA:0,getMessages
DA:15,7
DA:96,7
DA:101,7
DA:103,87
DA:111,7
DA:112,0
DA:118,7
DA:119,0
DA:135,7
DA:136,9
DA:137,11
DA:138,11
DA:145,7
DA:146,0
LF:14
LH:11
BRDA:103,0,0,87
BRDA:103,0,1,0
BRDA:138,1,0,11
BRDA:138,1,1,0
BRF:4
BRH:2
end_of_record
TN:
SF:src\core\client-server.ts
FN:69,(anonymous_0)
FN:86,(anonymous_1)
FN:95,(anonymous_2)
FN:100,(anonymous_3)
FN:107,(anonymous_4)
FN:114,(anonymous_5)
FN:124,(anonymous_6)
FN:133,(anonymous_7)
FN:142,(anonymous_8)
FN:151,(anonymous_9)
FN:160,(anonymous_10)
FN:169,(anonymous_11)
FN:179,(anonymous_12)
FN:191,(anonymous_13)
FN:192,(anonymous_14)
FN:201,(anonymous_15)
FN:215,(anonymous_16)
FN:236,(anonymous_17)
FN:248,(anonymous_18)
FN:262,(anonymous_19)
FN:267,(anonymous_20)
FN:272,(anonymous_21)
FN:279,(anonymous_22)
FN:284,(anonymous_23)
FN:295,(anonymous_24)
FN:307,(anonymous_25)
FN:314,(anonymous_26)
FN:321,(anonymous_27)
FN:327,(anonymous_28)
FNF:29
FNH:21
FNDA:51,(anonymous_0)
FNDA:52,(anonymous_1)
FNDA:3,(anonymous_2)
FNDA:24,(anonymous_3)
FNDA:5,(anonymous_4)
FNDA:52,(anonymous_5)
FNDA:314,(anonymous_6)
FNDA:49,(anonymous_7)
FNDA:154,(anonymous_8)
FNDA:117,(anonymous_9)
FNDA:0,(anonymous_10)
FNDA:3,(anonymous_11)
FNDA:77,(anonymous_12)
FNDA:1390,(anonymous_13)
FNDA:244,(anonymous_14)
FNDA:0,(anonymous_15)
FNDA:711,(anonymous_16)
FNDA:0,(anonymous_17)
FNDA:3,(anonymous_18)
FNDA:51,(anonymous_19)
FNDA:0,(anonymous_20)
FNDA:55,(anonymous_21)
FNDA:0,(anonymous_22)
FNDA:0,(anonymous_23)
FNDA:36,(anonymous_24)
FNDA:36,(anonymous_25)
FNDA:0,(anonymous_26)
FNDA:2,(anonymous_27)
FNDA:0,(anonymous_28)
DA:2,2
DA:3,2
DA:4,2
DA:5,2
DA:49,2
DA:55,51
DA:58,51
DA:64,51
DA:67,51
DA:70,51
DA:71,51
DA:74,51
DA:75,51
DA:78,51
DA:79,51
DA:87,52
DA:88,52
DA:89,52
DA:96,3
DA:97,3
DA:100,24
DA:101,3
DA:108,5
DA:115,52
DA:121,52
DA:124,314
DA:130,52
DA:133,49
DA:139,52
DA:142,154
DA:148,52
DA:151,117
DA:157,52
DA:160,0
DA:166,52
DA:169,3
DA:176,52
DA:181,77
DA:189,52
DA:191,1390
DA:192,244
DA:203,0
DA:204,0
DA:205,0
DA:206,0
DA:216,711
DA:217,711
DA:219,55
DA:220,0
DA:223,55
DA:224,33
DA:225,33
DA:228,22
DA:229,22
DA:237,0
DA:238,0
DA:239,0
DA:240,0
DA:241,0
DA:249,3
DA:250,3
DA:251,1
DA:252,0
DA:254,1
DA:255,1
DA:263,51
DA:268,0
DA:273,55
DA:284,0
DA:285,0
DA:286,0
DA:289,0
DA:301,36
DA:308,36
DA:315,0
DA:323,2
DA:326,2
DA:327,2
DA:328,2
DA:331,2
DA:332,2
LF:81
LH:63
BRDA:70,0,0,51
BRDA:70,0,1,48
BRDA:71,1,0,51
BRDA:71,1,1,51
BRDA:78,2,0,51
BRDA:87,3,0,0
BRDA:96,4,0,0
BRDA:191,5,0,1390
BRDA:191,5,1,321
BRDA:204,6,0,0
BRDA:217,7,0,55
BRDA:219,8,0,0
BRDA:219,9,0,55
BRDA:219,9,1,55
BRDA:219,9,2,55
BRDA:223,10,0,33
BRDA:223,11,0,55
BRDA:223,11,1,30
BRDA:223,11,2,26
BRDA:238,12,0,0
BRDA:250,13,0,1
BRDA:251,14,0,0
BRDA:251,15,0,1
BRDA:251,15,1,1
BRDA:251,15,2,1
BRF:25
BRH:19
end_of_record
TN:
SF:src\core\client.ts
FN:95,(anonymous_0)
FN:117,(anonymous_1)
FN:125,(anonymous_2)
FN:132,(anonymous_3)
FN:139,(anonymous_4)
FN:146,(anonymous_5)
FN:161,(anonymous_6)
FN:172,(anonymous_7)
FN:195,(anonymous_8)
FN:196,(anonymous_9)
FN:201,(anonymous_10)
FN:208,(anonymous_11)
FN:216,(anonymous_12)
FN:225,(anonymous_13)
FN:242,(anonymous_14)
FN:275,(anonymous_15)
FN:280,(anonymous_16)
FN:285,(anonymous_17)
FN:291,(anonymous_18)
FN:294,(anonymous_19)
FN:295,(anonymous_20)
FN:304,(anonymous_21)
FN:310,(anonymous_22)
FN:312,(anonymous_23)
FN:322,(anonymous_24)
FN:324,(anonymous_25)
FN:334,(anonymous_26)
FN:336,(anonymous_27)
FN:349,(anonymous_28)
FN:422,(anonymous_29)
FN:570,(anonymous_30)
FN:605,(anonymous_31)
FN:612,(anonymous_32)
FN:619,(anonymous_33)
FN:626,(anonymous_34)
FN:633,(anonymous_35)
FN:640,(anonymous_36)
FN:659,(anonymous_37)
FN:671,(anonymous_38)
FN:681,(anonymous_39)
FN:706,(anonymous_40)
FN:713,(anonymous_41)
FNF:42
FNH:40
FNDA:51,(anonymous_0)
FNDA:244,(anonymous_1)
FNDA:6,(anonymous_2)
FNDA:4,(anonymous_3)
FNDA:1,(anonymous_4)
FNDA:244,(anonymous_5)
FNDA:4,(anonymous_6)
FNDA:31,(anonymous_7)
FNDA:5,(anonymous_8)
FNDA:5,(anonymous_9)
FNDA:5,(anonymous_10)
FNDA:3,(anonymous_11)
FNDA:0,(anonymous_12)
FNDA:4,(anonymous_13)
FNDA:31,(anonymous_14)
FNDA:31,(anonymous_15)
FNDA:31,(anonymous_16)
FNDA:13,(anonymous_17)
FNDA:13,(anonymous_18)
FNDA:3,(anonymous_19)
FNDA:3,(anonymous_20)
FNDA:13,(anonymous_21)
FNDA:31,(anonymous_22)
FNDA:5,(anonymous_23)
FNDA:25,(anonymous_24)
FNDA:1,(anonymous_25)
FNDA:4,(anonymous_26)
FNDA:1,(anonymous_27)
FNDA:53,(anonymous_28)
FNDA:2,(anonymous_29)
FNDA:0,(anonymous_30)
FNDA:31,(anonymous_31)
FNDA:1,(anonymous_32)
FNDA:4,(anonymous_33)
FNDA:1,(anonymous_34)
FNDA:1,(anonymous_35)
FNDA:2,(anonymous_36)
FNDA:8,(anonymous_37)
FNDA:11,(anonymous_38)
FNDA:12,(anonymous_39)
FNDA:1,(anonymous_40)
FNDA:1,(anonymous_41)
DA:12,2
DA:17,2
DA:24,2
DA:35,2
DA:53,2
DA:57,51
DA:80,51
DA:87,51
DA:102,51
DA:103,51
DA:104,51
DA:105,51
DA:106,51
DA:109,51
DA:110,51
DA:111,51
DA:114,51
DA:117,51
DA:118,244
DA:126,6
DA:133,4
DA:140,1
DA:147,244
DA:148,244
DA:150,244
DA:151,244
DA:153,7
DA:154,7
DA:162,4
DA:163,2
DA:165,2
DA:173,31
DA:176,31
DA:177,2
DA:178,2
DA:183,31
DA:184,1
DA:185,2
DA:189,31
DA:196,5
DA:197,5
DA:198,5
DA:199,5
DA:201,5
DA:202,5
DA:203,5
DA:206,5
DA:209,3
DA:210,3
DA:211,1
DA:212,1
DA:213,1
DA:217,0
DA:218,0
DA:219,0
DA:220,0
DA:225,5
DA:226,4
DA:227,4
DA:228,4
DA:229,4
DA:233,5
DA:247,31
DA:253,31
DA:259,31
DA:270,31
DA:273,31
DA:275,31
DA:276,31
DA:277,31
DA:278,31
DA:280,31
DA:281,31
DA:282,31
DA:285,31
DA:286,13
DA:287,13
DA:288,13
DA:290,13
DA:293,13
DA:294,13
DA:295,3
DA:296,3
DA:297,2
DA:299,1
DA:302,13
DA:306,13
DA:310,31
DA:311,31
DA:312,31
DA:313,5
DA:322,31
DA:323,25
DA:324,25
DA:325,1
DA:334,31
DA:335,4
DA:336,4
DA:337,1
DA:347,31
DA:350,53
DA:353,53
DA:355,25
DA:356,1
DA:359,25
DA:360,25
DA:364,28
DA:366,4
DA:367,0
DA:370,4
DA:371,4
DA:375,24
DA:376,4
DA:377,4
DA:379,4
DA:380,4
DA:381,4
DA:382,4
DA:383,4
DA:384,4
DA:387,4
DA:388,3
DA:402,3
DA:404,2
DA:406,2
DA:407,2
DA:408,2
DA:409,2
DA:410,2
DA:414,2
DA:417,2
DA:421,2
DA:423,2
DA:431,2
DA:435,2
DA:439,1
DA:448,1
DA:451,1
DA:455,1
DA:466,1
DA:475,1
DA:478,1
DA:482,20
DA:483,0
DA:484,0
DA:488,20
DA:489,14
DA:490,14
DA:493,14
DA:494,1
DA:498,14
DA:499,1
DA:512,14
DA:513,1
DA:514,1
DA:515,1
DA:516,2
DA:520,14
DA:527,14
DA:530,14
DA:534,6
DA:536,6
DA:537,0
DA:541,6
DA:542,1
DA:554,6
DA:567,6
DA:571,0
DA:582,31
DA:585,31
DA:586,31
DA:589,31
DA:606,31
DA:613,1
DA:620,4
DA:627,1
DA:634,1
DA:642,2
DA:645,2
DA:648,2
DA:649,2
DA:652,2
DA:660,8
DA:661,4
DA:663,4
DA:672,11
DA:687,12
DA:688,1
DA:689,11
DA:690,1
DA:693,12
DA:707,1
DA:714,1
LF:193
LH:184
BRDA:102,0,0,51
BRDA:102,0,1,0
BRDA:109,1,0,51
BRDA:109,1,1,48
BRDA:110,2,0,51
BRDA:110,2,1,50
BRDA:111,3,0,51
BRDA:111,3,1,50
BRDA:148,4,0,0
BRDA:148,5,0,244
BRDA:148,5,1,244
BRDA:151,6,0,7
BRDA:162,7,0,2
BRDA:176,8,0,2
BRDA:183,9,0,1
BRDA:202,10,0,5
BRDA:209,11,0,0
BRDA:210,12,0,1
BRDA:217,13,0,0
BRDA:226,14,0,0
BRDA:266,15,0,16
BRDA:267,16,0,23
BRDA:268,17,0,28
BRDA:269,18,0,30
BRDA:273,19,0,31
BRDA:273,19,1,30
BRDA:281,20,0,31
BRDA:286,21,0,0
BRDA:296,22,0,2
BRDA:311,23,0,0
BRDA:323,24,0,25
BRDA:335,25,0,4
BRDA:350,26,0,0
BRDA:353,27,0,25
BRDA:355,28,0,1
BRDA:355,29,0,25
BRDA:355,29,1,4
BRDA:364,30,0,4
BRDA:366,31,0,0
BRDA:366,32,0,4
BRDA:366,32,1,0
BRDA:375,33,0,4
BRDA:381,34,0,4
BRDA:381,34,1,0
BRDA:382,35,0,4
BRDA:382,35,1,0
BRDA:384,36,0,4
BRDA:384,36,1,1
BRDA:387,37,0,3
BRDA:402,38,0,2
BRDA:406,39,0,2
BRDA:407,40,0,2
BRDA:407,40,1,0
BRDA:409,41,0,2
BRDA:414,42,0,2
BRDA:414,42,1,0
BRDA:414,42,2,0
BRDA:417,43,0,2
BRDA:417,43,1,0
BRDA:425,44,0,2
BRDA:425,44,1,0
BRDA:426,45,0,2
BRDA:426,45,1,0
BRDA:441,46,0,1
BRDA:441,46,1,0
BRDA:442,47,0,1
BRDA:442,47,1,0
BRDA:468,48,0,1
BRDA:468,48,1,0
BRDA:469,49,0,1
BRDA:469,49,1,0
BRDA:482,50,0,0
BRDA:488,51,0,14
BRDA:493,52,0,1
BRDA:493,53,0,14
BRDA:493,53,1,5
BRDA:498,54,0,1
BRDA:512,55,0,1
BRDA:512,56,0,14
BRDA:512,56,1,1
BRDA:514,57,0,1
BRDA:514,57,1,0
BRDA:522,58,0,14
BRDA:522,58,1,0
BRDA:523,59,0,14
BRDA:523,59,1,0
BRDA:534,60,0,6
BRDA:536,61,0,0
BRDA:536,62,0,6
BRDA:536,62,1,0
BRDA:541,63,0,1
BRDA:555,64,0,6
BRDA:555,64,1,0
BRDA:556,65,0,6
BRDA:556,65,1,0
BRDA:558,66,0,6
BRDA:558,66,1,0
BRDA:562,67,0,6
BRDA:562,67,1,2
BRDA:572,68,0,0
BRDA:572,68,1,0
BRDA:606,69,0,0
BRDA:606,69,1,31
BRDA:660,70,0,4
BRDA:687,71,0,1
BRDA:687,71,1,11
BRDA:689,72,0,1
BRDA:696,73,0,12
BRDA:696,73,1,9
BRDA:707,74,0,1
BRDA:707,74,1,1
BRF:111
BRH:77
end_of_record
TN:
SF:src\core\request.ts
FN:19,(anonymous_0)
FNF:1
FNH:1
FNDA:48,(anonymous_0)
DA:9,3
DA:24,48
DA:26,48
DA:27,48
DA:28,2
DA:29,1
DA:32,48
DA:33,48
DA:34,48
DA:35,48
DA:36,48
DA:37,48
LF:12
LH:12
BRDA:27,0,0,2
BRDA:29,1,0,0
BRDA:29,1,1,1
BRDA:32,2,0,48
BRDA:32,2,1,48
BRDA:33,3,0,48
BRDA:33,3,1,0
BRF:7
BRH:5
end_of_record
TN:
SF:src\core\response.ts
FN:33,(anonymous_0)
FN:56,(anonymous_1)
FN:67,(anonymous_2)
FN:74,(anonymous_3)
FN:81,(anonymous_4)
FN:107,(anonymous_5)
FN:127,(anonymous_6)
FN:132,(anonymous_7)
FN:169,(anonymous_8)
FN:191,(anonymous_9)
FN:210,(anonymous_10)
FN:215,(anonymous_11)
FN:239,(anonymous_12)
FN:245,(anonymous_13)
FN:277,(anonymous_14)
FN:298,(anonymous_15)
FN:299,(anonymous_16)
FN:301,(anonymous_17)
FNF:18
FNH:18
FNDA:48,(anonymous_0)
FNDA:36,(anonymous_1)
FNDA:6,(anonymous_2)
FNDA:5,(anonymous_3)
FNDA:36,(anonymous_4)
FNDA:6,(anonymous_5)
FNDA:2,(anonymous_6)
FNDA:5,(anonymous_7)
FNDA:5,(anonymous_8)
FNDA:7,(anonymous_9)
FNDA:5,(anonymous_10)
FNDA:15,(anonymous_11)
FNDA:1,(anonymous_12)
FNDA:3,(anonymous_13)
FNDA:1,(anonymous_14)
FNDA:2,(anonymous_15)
FNDA:2,(anonymous_16)
FNDA:2,(anonymous_17)
DA:2,3
DA:3,3
DA:4,3
DA:17,3
DA:18,48
DA:19,48
DA:31,48
DA:43,48
DA:44,48
DA:45,48
DA:46,48
DA:47,48
DA:48,48
DA:49,48
DA:50,48
DA:57,36
DA:58,36
DA:60,0
DA:68,6
DA:75,5
DA:76,4
DA:77,4
DA:82,36
DA:83,36
DA:85,36
DA:88,36
DA:89,30
DA:103,30
DA:107,6
DA:108,6
DA:110,6
DA:128,2
DA:129,2
DA:136,5
DA:138,5
DA:139,5
DA:143,5
DA:145,3
DA:146,2
DA:147,1
DA:148,1
DA:149,1
DA:152,1
DA:156,5
DA:157,5
DA:158,5
DA:160,0
DA:164,5
DA:171,5
DA:179,5
DA:184,5
DA:192,7
DA:193,7
DA:196,7
DA:207,7
DA:211,5
DA:212,5
DA:218,15
DA:219,0
DA:220,0
DA:221,0
DA:225,0
DA:226,0
DA:227,0
DA:229,0
DA:232,15
DA:233,1
DA:235,14
DA:241,1
DA:242,1
DA:255,3
DA:267,3
DA:268,3
DA:269,1
DA:271,2
DA:274,3
DA:285,1
DA:288,1
DA:289,1
DA:290,0
DA:292,1
DA:295,1
DA:299,2
DA:300,2
DA:301,2
DA:302,2
DA:304,2
DA:305,2
DA:307,2
DA:308,2
LF:90
LH:80
BRDA:57,0,0,36
BRDA:57,0,1,0
BRDA:75,1,0,4
BRDA:82,2,0,0
BRDA:85,3,0,36
BRDA:85,3,1,30
BRDA:88,4,0,30
BRDA:136,5,0,0
BRDA:138,6,0,5
BRDA:138,6,1,2
BRDA:143,7,0,3
BRDA:143,7,1,2
BRDA:146,8,0,1
BRDA:146,8,1,1
BRDA:147,9,0,1
BRDA:147,9,1,0
BRDA:148,10,0,1
BRDA:148,10,1,1
BRDA:157,11,0,5
BRDA:157,11,1,0
BRDA:165,12,0,5
BRDA:165,12,1,0
BRDA:192,13,0,0
BRDA:218,14,0,0
BRDA:218,14,1,15
BRDA:220,15,0,0
BRDA:220,15,1,0
BRDA:221,16,0,0
BRDA:221,16,1,0
BRDA:226,17,0,0
BRDA:226,17,1,0
BRDA:232,18,0,1
BRDA:232,18,1,14
BRDA:261,19,0,0
BRDA:261,19,1,3
BRDA:262,20,0,0
BRDA:262,20,1,3
BRDA:268,21,0,1
BRDA:268,21,1,2
BRDA:289,22,0,0
BRDA:289,22,1,1
BRDA:304,23,0,2
BRDA:304,23,1,0
BRF:43
BRH:25
end_of_record
TN:
SF:src\core\server.ts
FN:84,(anonymous_0)
FN:103,(anonymous_1)
FN:112,(anonymous_2)
FN:117,(anonymous_3)
FN:124,(anonymous_4)
FN:131,(anonymous_5)
FN:141,(anonymous_6)
FN:150,(anonymous_7)
FN:159,(anonymous_8)
FN:168,(anonymous_9)
FN:192,(anonymous_10)
FN:205,(anonymous_11)
FN:215,(anonymous_12)
FN:220,(anonymous_13)
FN:224,(anonymous_14)
FN:259,(anonymous_15)
FN:290,(anonymous_16)
FN:362,(anonymous_17)
FN:365,(anonymous_18)
FN:374,(anonymous_19)
FN:409,(anonymous_20)
FN:414,(anonymous_21)
FN:424,(anonymous_22)
FN:438,(anonymous_23)
FN:443,(anonymous_24)
FN:448,(anonymous_25)
FN:456,(anonymous_26)
FN:468,(anonymous_27)
FN:492,(anonymous_28)
FN:495,(anonymous_29)
FN:504,(anonymous_30)
FN:506,(anonymous_31)
FN:509,(anonymous_32)
FN:510,(anonymous_33)
FN:517,(anonymous_34)
FN:522,(anonymous_35)
FNF:36
FNH:35
FNDA:86,(anonymous_0)
FNDA:87,(anonymous_1)
FNDA:89,(anonymous_2)
FNDA:261,(anonymous_3)
FNDA:12,(anonymous_4)
FNDA:87,(anonymous_5)
FNDA:55,(anonymous_6)
FNDA:1,(anonymous_7)
FNDA:1,(anonymous_8)
FNDA:1,(anonymous_9)
FNDA:1,(anonymous_10)
FNDA:1,(anonymous_11)
FNDA:9,(anonymous_12)
FNDA:11,(anonymous_13)
FNDA:2,(anonymous_14)
FNDA:38,(anonymous_15)
FNDA:55,(anonymous_16)
FNDA:5,(anonymous_17)
FNDA:0,(anonymous_18)
FNDA:42,(anonymous_19)
FNDA:48,(anonymous_20)
FNDA:4,(anonymous_21)
FNDA:19,(anonymous_22)
FNDA:67,(anonymous_23)
FNDA:3,(anonymous_24)
FNDA:48,(anonymous_25)
FNDA:61,(anonymous_26)
FNDA:1,(anonymous_27)
FNDA:3,(anonymous_28)
FNDA:2,(anonymous_29)
FNDA:3,(anonymous_30)
FNDA:7,(anonymous_31)
FNDA:1,(anonymous_32)
FNDA:2,(anonymous_33)
FNDA:87,(anonymous_34)
FNDA:43,(anonymous_35)
DA:8,3
DA:9,3
DA:10,3
DA:11,3
DA:12,3
DA:13,3
DA:14,3
DA:15,3
DA:26,3
DA:65,3
DA:72,86
DA:73,86
DA:76,86
DA:79,86
DA:82,86
DA:86,86
DA:87,86
DA:88,86
DA:91,86
DA:92,86
DA:95,86
DA:96,84
DA:104,87
DA:105,87
DA:106,87
DA:113,89
DA:114,87
DA:117,261
DA:118,87
DA:125,12
DA:132,87
DA:138,87
DA:141,55
DA:147,87
DA:150,1
DA:156,87
DA:159,1
DA:169,1
DA:172,1
DA:193,1
DA:194,1
DA:206,1
DA:207,1
DA:208,1
DA:209,1
DA:210,1
DA:216,9
DA:221,11
DA:230,2
DA:235,2
DA:239,2
DA:265,38
DA:266,1
DA:267,37
DA:268,3
DA:292,55
DA:293,54
DA:296,53
DA:297,0
DA:300,53
DA:301,53
DA:304,53
DA:305,53
DA:306,53
DA:310,5
DA:314,5
DA:327,5
DA:331,48
DA:335,48
DA:348,48
DA:360,48
DA:363,5
DA:366,0
DA:371,48
DA:374,48
DA:376,42
DA:377,42
DA:379,41
DA:382,17
DA:393,17
DA:398,24
DA:401,1
DA:414,48
DA:415,4
DA:416,4
DA:419,48
DA:425,19
DA:426,16
DA:430,3
DA:431,3
DA:439,67
DA:440,67
DA:443,67
DA:444,3
DA:453,48
DA:454,48
DA:456,48
DA:457,61
DA:458,1
DA:461,60
DA:462,20
DA:464,20
DA:465,18
DA:466,18
DA:467,17
DA:468,1
DA:469,1
DA:470,1
DA:474,17
DA:476,1
DA:477,1
DA:479,1
DA:484,42
DA:485,42
DA:489,48
DA:493,3
DA:495,1
DA:496,2
DA:500,2
DA:505,3
DA:506,3
DA:507,7
DA:509,3
DA:510,2
DA:519,87
DA:522,87
DA:523,87
DA:526,87
DA:527,87
DA:530,87
DA:531,87
LF:131
LH:129
BRDA:86,0,0,86
BRDA:86,0,1,84
BRDA:87,1,0,86
BRDA:87,1,1,82
BRDA:88,2,0,86
BRDA:88,2,1,86
BRDA:95,3,0,84
BRDA:104,4,0,0
BRDA:113,5,0,2
BRDA:169,6,0,0
BRDA:193,7,0,0
BRDA:207,8,0,1
BRDA:230,9,0,2
BRDA:235,10,0,2
BRDA:235,10,1,0
BRDA:247,11,0,2
BRDA:247,11,1,2
BRDA:247,11,2,0
BRDA:248,12,0,2
BRDA:248,12,1,2
BRDA:248,12,2,2
BRDA:251,13,0,2
BRDA:251,13,1,0
BRDA:265,14,0,1
BRDA:265,14,1,37
BRDA:265,15,0,38
BRDA:265,15,1,4
BRDA:267,16,0,3
BRDA:292,17,0,1
BRDA:292,18,0,55
BRDA:292,18,1,54
BRDA:292,18,2,20
BRDA:293,19,0,1
BRDA:296,20,0,0
BRDA:306,21,0,5
BRDA:350,22,0,48
BRDA:350,22,1,0
BRDA:379,23,0,17
BRDA:379,23,1,24
BRDA:425,24,0,16
BRDA:425,24,1,3
BRDA:430,25,0,3
BRDA:457,26,0,1
BRDA:464,27,0,18
BRDA:464,28,0,20
BRDA:464,28,1,5
BRDA:467,29,0,1
BRDA:469,30,0,1
BRDA:470,31,0,1
BRDA:470,31,1,0
BRDA:476,32,0,1
BRDA:477,33,0,1
BRDA:477,33,1,0
BRDA:484,34,0,42
BRDA:493,35,0,1
BRDA:493,35,1,2
BRF:56
BRH:46
end_of_record
TN:
SF:src\interceptors\index.ts
FN:10,(anonymous_0)
FN:19,(anonymous_1)
FN:30,(anonymous_2)
FN:39,(anonymous_3)
FN:46,(anonymous_4)
FN:47,(anonymous_5)
FN:68,runRequestInterceptors
FN:74,(anonymous_7)
FN:76,(anonymous_8)
FN:77,(anonymous_9)
FN:92,runResponseInterceptors
FN:98,(anonymous_11)
FN:100,(anonymous_12)
FN:101,(anonymous_13)
FNF:14
FNH:12
FNDA:109,(anonymous_0)
FNDA:25,(anonymous_1)
FNDA:1,(anonymous_2)
FNDA:5,(anonymous_3)
FNDA:72,(anonymous_4)
FNDA:23,(anonymous_5)
FNDA:33,runRequestInterceptors
FNDA:8,(anonymous_7)
FNDA:8,(anonymous_8)
FNDA:0,(anonymous_9)
FNDA:20,runResponseInterceptors
FNDA:7,(anonymous_11)
FNDA:7,(anonymous_12)
FNDA:0,(anonymous_13)
DA:10,3
DA:11,109
DA:23,25
DA:24,25
DA:31,1
DA:32,1
DA:40,5
DA:47,72
DA:48,23
DA:49,22
DA:58,3
DA:63,3
DA:68,3
DA:72,33
DA:74,33
DA:75,8
DA:76,8
DA:78,0
DA:79,0
DA:81,0
DA:86,33
DA:92,3
DA:96,20
DA:98,20
DA:99,7
DA:100,7
DA:102,0
DA:103,0
DA:105,0
DA:110,20
LF:30
LH:24
BRDA:31,0,0,1
BRDA:48,1,0,22
BRDA:78,2,0,0
BRDA:102,3,0,0
BRF:4
BRH:2
end_of_record
TN:
SF:src\message\channel.ts
FN:65,(anonymous_0)
FN:76,(anonymous_1)
FN:83,(anonymous_2)
FN:90,(anonymous_3)
FN:98,(anonymous_4)
FN:105,(anonymous_5)
FN:113,(anonymous_6)
FN:123,(anonymous_7)
FN:142,(anonymous_8)
FN:157,(anonymous_9)
FN:169,(anonymous_10)
FN:186,(anonymous_11)
FN:193,(anonymous_12)
FNF:13
FNH:13
FNDA:92,(anonymous_0)
FNDA:181,(anonymous_1)
FNDA:123,(anonymous_2)
FNDA:143,(anonymous_3)
FNDA:93,(anonymous_4)
FNDA:3,(anonymous_5)
FNDA:134,(anonymous_6)
FNDA:161,(anonymous_7)
FNDA:1722,(anonymous_8)
FNDA:183,(anonymous_9)
FNDA:2,(anonymous_10)
FNDA:127,(anonymous_11)
FNDA:91,(anonymous_12)
DA:4,7
DA:26,7
DA:49,7
DA:57,92
DA:63,92
DA:66,92
DA:67,92
DA:68,92
DA:69,92
DA:77,181
DA:84,123
DA:91,143
DA:99,93
DA:106,3
DA:114,134
DA:124,161
DA:127,161
DA:128,1
DA:132,160
DA:133,25
DA:135,135
DA:139,134
DA:142,134
DA:143,1722
DA:144,1722
DA:146,1
DA:158,183
DA:176,2
DA:180,2
DA:187,127
DA:194,91
DA:195,91
LF:32
LH:32
BRDA:65,0,0,57
BRDA:127,1,0,1
BRDA:132,2,0,25
BRDA:132,2,1,135
BRDA:133,3,0,24
BRDA:135,4,0,2
BRDA:157,5,0,1
BRDA:187,6,0,2
BRDA:187,6,1,125
BRF:9
BRH:9
end_of_record
TN:
SF:src\message\dispatcher.ts
FN:93,(anonymous_0)
FN:101,(anonymous_1)
FN:114,(anonymous_2)
FN:122,(anonymous_3)
FN:129,(anonymous_4)
FN:161,(anonymous_6)
FN:163,(anonymous_7)
FN:174,(anonymous_8)
FN:175,(anonymous_9)
FN:184,(anonymous_10)
FN:237,(anonymous_11)
FN:258,(anonymous_12)
FN:277,(anonymous_13)
FN:299,(anonymous_14)
FN:306,(anonymous_15)
FN:313,(anonymous_16)
FNF:16
FNH:16
FNDA:169,(anonymous_0)
FNDA:1714,(anonymous_1)
FNDA:4,(anonymous_2)
FNDA:2,(anonymous_3)
FNDA:3,(anonymous_4)
FNDA:1722,(anonymous_6)
FNDA:289,(anonymous_7)
FNDA:1,(anonymous_8)
FNDA:1,(anonymous_9)
FNDA:1733,(anonymous_10)
FNDA:11330,(anonymous_11)
FNDA:4,(anonymous_12)
FNDA:116,(anonymous_13)
FNDA:125,(anonymous_14)
FNDA:138,(anonymous_15)
FNDA:122,(anonymous_16)
DA:1,7
DA:5,7
DA:68,7
DA:85,169
DA:91,169
DA:94,169
DA:95,169
DA:96,169
DA:97,169
DA:98,169
DA:101,169
DA:102,1714
DA:106,169
DA:115,4
DA:123,2
DA:130,3
DA:147,698
DA:151,698
DA:159,698
DA:161,1722
DA:163,698
DA:164,289
DA:165,289
DA:166,289
DA:175,1
DA:176,1
DA:177,1
DA:186,1733
DA:187,3
DA:193,1730
DA:194,1152
DA:197,1152
DA:199,260
DA:203,1470
DA:204,1470
DA:206,1470
DA:207,11330
DA:209,1034
DA:210,1
DA:214,1033
DA:215,1019
DA:217,3
DA:218,3
DA:222,1030
DA:223,1030
DA:228,1
DA:238,11330
DA:239,9938
DA:241,1392
DA:242,1
DA:244,1391
DA:245,1391
DA:247,0
DA:260,4
DA:261,3
DA:263,4
DA:264,3
DA:266,4
DA:286,116
DA:291,116
DA:300,125
DA:307,138
DA:314,122
DA:315,122
LF:64
LH:63
BRDA:147,0,0,2
BRDA:147,0,1,696
BRDA:149,1,0,696
BRDA:149,1,1,15
BRDA:154,2,0,698
BRDA:154,2,1,694
BRDA:165,3,0,289
BRDA:176,4,0,1
BRDA:186,5,0,3
BRDA:193,6,0,1152
BRDA:194,7,0,1106
BRDA:194,7,1,46
BRDA:197,8,0,260
BRDA:207,9,0,1034
BRDA:209,10,0,1
BRDA:214,11,0,1019
BRDA:214,12,0,1033
BRDA:214,12,1,1019
BRDA:215,13,0,3
BRDA:238,14,0,9938
BRDA:241,15,0,1
BRDA:244,16,0,1391
BRDA:258,17,0,1
BRDA:260,18,0,3
BRDA:263,19,0,3
BRDA:263,20,0,4
BRDA:263,20,1,3
BRF:27
BRH:27
end_of_record
TN:
SF:src\message\index.ts
FN:1,(anonymous_0)
FN:1,(anonymous_1)
FN:3,(anonymous_2)
FNF:3
FNH:3
FNDA:35,(anonymous_0)
FNDA:139,(anonymous_1)
FNDA:137,(anonymous_2)
DA:1,146
DA:3,144
LF:2
LH:2
BRF:0
BRH:0
end_of_record
TN:
SF:src\stream\file-stream.ts
FN:13,uint8ArrayToBase64
FN:24,base64ToUint8Array
FN:42,(anonymous_2)
FN:62,(anonymous_3)
FN:90,(anonymous_4)
FN:109,(anonymous_5)
FN:125,(anonymous_6)
FN:135,(anonymous_7)
FN:151,(anonymous_8)
FN:162,(anonymous_9)
FN:173,(anonymous_10)
FN:184,(anonymous_11)
FNF:12
FNH:11
FNDA:1,uint8ArrayToBase64
FNDA:7,base64ToUint8Array
FNDA:6,(anonymous_2)
FNDA:5,(anonymous_3)
FNDA:9,(anonymous_4)
FNDA:7,(anonymous_5)
FNDA:6,(anonymous_6)
FNDA:0,(anonymous_7)
FNDA:1,(anonymous_8)
FNDA:2,(anonymous_9)
FNDA:1,(anonymous_10)
FNDA:1,(anonymous_11)
DA:1,4
DA:2,4
DA:8,4
DA:14,1
DA:15,1
DA:16,4
DA:18,1
DA:25,7
DA:26,7
DA:27,7
DA:28,58
DA:30,7
DA:37,4
DA:43,6
DA:54,6
DA:55,6
DA:56,6
DA:63,5
DA:64,0
DA:66,5
DA:67,0
DA:69,5
DA:71,5
DA:74,0
DA:82,4
DA:96,9
DA:101,9
DA:102,9
DA:103,9
DA:110,7
DA:111,7
DA:113,0
DA:114,0
DA:116,0
DA:117,0
DA:119,0
DA:126,6
DA:127,6
DA:128,0
DA:130,6
DA:131,6
DA:135,0
DA:136,0
DA:139,0
DA:140,0
DA:141,0
DA:142,0
DA:145,0
DA:152,1
DA:154,1
DA:155,1
DA:163,2
DA:165,2
DA:166,2
DA:167,2
DA:174,1
DA:176,1
DA:177,1
DA:178,1
DA:185,1
DA:186,1
DA:187,1
LF:62
LH:46
BRDA:49,0,0,6
BRDA:49,0,1,0
BRDA:55,1,0,6
BRDA:55,1,1,0
BRDA:63,2,0,0
BRDA:66,3,0,0
BRDA:69,4,0,5
BRDA:94,5,0,3
BRDA:101,6,0,9
BRDA:101,6,1,5
BRDA:102,7,0,9
BRDA:102,7,1,3
BRDA:103,8,0,9
BRDA:103,8,1,8
BRDA:110,9,0,7
BRDA:113,10,0,0
BRDA:116,11,0,0
BRDA:127,12,0,0
BRDA:130,13,0,6
BRDA:155,14,0,1
BRDA:155,14,1,0
BRDA:166,15,0,2
BRDA:166,15,1,0
BRDA:166,15,2,0
BRDA:167,16,0,2
BRDA:167,16,1,0
BRDA:187,17,0,1
BRDA:187,17,1,0
BRF:28
BRH:16
end_of_record
TN:
SF:src\stream\index.ts
FN:5,(anonymous_4)
FN:6,(anonymous_5)
FN:9,(anonymous_6)
FN:10,(anonymous_7)
FN:20,isIframeReadableStream
FN:27,isIframeFileStream
FNF:6
FNH:6
FNDA:18,(anonymous_4)
FNDA:6,(anonymous_5)
FNDA:13,(anonymous_6)
FNDA:9,(anonymous_7)
FNDA:4,isIframeReadableStream
FNDA:2,isIframeFileStream
DA:2,4
DA:5,22
DA:6,10
DA:9,17
DA:10,13
DA:13,4
DA:14,4
DA:20,4
DA:21,4
DA:27,4
DA:28,2
LF:11
LH:11
BRF:0
BRH:0
end_of_record
TN:
SF:src\stream\readable-stream.ts
FN:43,(anonymous_0)
FN:62,(anonymous_1)
FN:69,(anonymous_2)
FN:89,(anonymous_3)
FN:104,(anonymous_4)
FN:111,(anonymous_5)
FN:131,(anonymous_6)
FN:145,(anonymous_7)
FN:163,(anonymous_8)
FN:182,(anonymous_9)
FN:183,(anonymous_10)
FN:202,(anonymous_11)
FN:207,(anonymous_12)
FN:214,(anonymous_13)
FN:225,(anonymous_14)
FN:248,(anonymous_15)
FN:258,(anonymous_16)
FNF:17
FNH:16
FNDA:22,(anonymous_0)
FNDA:7,(anonymous_1)
FNDA:20,(anonymous_2)
FNDA:13,(anonymous_3)
FNDA:6,(anonymous_4)
FNDA:14,(anonymous_5)
FNDA:3,(anonymous_6)
FNDA:2,(anonymous_7)
FNDA:0,(anonymous_8)
FNDA:10,(anonymous_9)
FNDA:10,(anonymous_10)
FNDA:1,(anonymous_11)
FNDA:2,(anonymous_12)
FNDA:1,(anonymous_13)
FNDA:3,(anonymous_14)
FNDA:2,(anonymous_15)
FNDA:1,(anonymous_16)
DA:8,4
DA:9,4
DA:27,4
DA:33,22
DA:34,22
DA:49,22
DA:50,22
DA:51,22
DA:52,22
DA:53,22
DA:54,22
DA:55,22
DA:58,22
DA:63,7
DA:70,20
DA:72,13
DA:73,13
DA:75,5
DA:76,5
DA:78,2
DA:79,2
DA:81,0
DA:82,0
DA:90,13
DA:92,13
DA:93,13
DA:94,13
DA:96,13
DA:97,9
DA:105,6
DA:112,14
DA:114,14
DA:115,14
DA:117,14
DA:119,2
DA:120,2
DA:121,2
DA:122,2
DA:125,14
DA:132,3
DA:133,0
DA:135,3
DA:136,2
DA:139,1
DA:146,2
DA:148,2
DA:149,2
DA:151,2
DA:152,0
DA:153,0
DA:154,0
DA:157,2
DA:164,0
DA:166,0
DA:167,0
DA:169,0
DA:170,0
DA:171,0
DA:172,0
DA:173,0
DA:176,0
DA:183,10
DA:184,10
DA:185,7
DA:186,7
DA:189,3
DA:190,1
DA:191,1
DA:194,2
DA:195,2
DA:203,1
DA:204,1
DA:206,1
DA:209,2
DA:210,1
DA:211,0
DA:214,1
DA:217,2
DA:226,3
DA:228,1
DA:231,1
DA:240,1
DA:242,1
DA:249,2
DA:250,2
DA:251,1
DA:259,1
LF:87
LH:71
BRDA:47,0,0,11
BRDA:52,1,0,22
BRDA:52,1,1,11
BRDA:53,2,0,22
BRDA:53,2,1,17
BRDA:70,3,0,13
BRDA:70,3,1,5
BRDA:70,3,2,2
BRDA:70,3,3,0
BRDA:78,4,0,2
BRDA:78,4,1,0
BRDA:90,5,0,0
BRDA:90,6,0,13
BRDA:90,6,1,2
BRDA:96,7,0,9
BRDA:112,8,0,0
BRDA:117,9,0,2
BRDA:132,10,0,0
BRDA:135,11,0,2
BRDA:146,12,0,0
BRDA:146,13,0,2
BRDA:146,13,1,2
BRDA:151,14,0,0
BRDA:164,15,0,0
BRDA:164,16,0,0
BRDA:164,16,1,0
BRDA:164,16,2,0
BRDA:169,17,0,0
BRDA:169,17,1,0
BRDA:170,18,0,0
BRDA:184,19,0,7
BRDA:189,20,0,1
BRDA:189,21,0,3
BRDA:189,21,1,2
BRDA:210,22,0,0
BRDA:210,23,0,1
BRDA:210,23,1,1
BRDA:210,23,2,1
BRDA:226,24,0,2
BRDA:226,25,0,3
BRDA:226,25,1,2
BRDA:250,26,0,1
BRF:42
BRH:27
end_of_record
TN:
SF:src\stream\writable-stream.ts
FN:15,generateStreamId
FN:35,(anonymous_1)
FN:46,(anonymous_2)
FN:54,(anonymous_3)
FN:61,(anonymous_4)
FN:88,(anonymous_5)
FN:126,(anonymous_6)
FN:152,(anonymous_7)
FN:177,(anonymous_8)
FN:187,(anonymous_9)
FN:194,(anonymous_10)
FN:204,(anonymous_11)
FN:216,(anonymous_12)
FNF:13
FNH:13
FNDA:24,generateStreamId
FNDA:24,(anonymous_1)
FNDA:11,(anonymous_2)
FNDA:18,(anonymous_3)
FNDA:49,(anonymous_4)
FNDA:16,(anonymous_5)
FNDA:6,(anonymous_6)
FNDA:7,(anonymous_7)
FNDA:17,(anonymous_8)
FNDA:12,(anonymous_9)
FNDA:11,(anonymous_10)
FNDA:3,(anonymous_11)
FNDA:4,(anonymous_12)
DA:9,4
DA:10,4
DA:16,24
DA:23,4
DA:28,24
DA:29,24
DA:36,24
DA:37,24
DA:38,24
DA:39,24
DA:40,24
DA:41,24
DA:42,24
DA:47,11
DA:55,18
DA:62,49
DA:63,0
DA:66,49
DA:78,49
DA:79,25
DA:81,24
DA:89,16
DA:90,1
DA:93,15
DA:94,0
DA:97,15
DA:100,15
DA:107,15
DA:108,15
DA:110,6
DA:111,9
DA:113,7
DA:116,2
DA:119,0
DA:127,6
DA:129,6
DA:131,6
DA:132,6
DA:133,10
DA:134,1
DA:136,9
DA:139,4
DA:140,3
DA:143,2
DA:144,2
DA:153,7
DA:155,7
DA:156,7
DA:157,9
DA:159,8
DA:160,6
DA:161,6
DA:162,6
DA:165,2
DA:168,1
DA:169,1
DA:178,17
DA:188,12
DA:195,11
DA:197,11
DA:198,11
DA:205,3
DA:207,3
DA:208,3
DA:217,4
DA:219,3
DA:221,3
DA:222,3
LF:68
LH:65
BRDA:35,0,0,8
BRDA:37,1,0,24
BRDA:37,1,1,17
BRDA:38,2,0,24
BRDA:38,2,1,18
BRDA:62,3,0,0
BRDA:78,4,0,25
BRDA:78,4,1,24
BRDA:89,5,0,1
BRDA:93,6,0,0
BRDA:108,7,0,6
BRDA:108,7,1,9
BRDA:111,8,0,7
BRDA:111,8,1,2
BRDA:119,9,0,0
BRDA:119,9,1,0
BRDA:127,10,0,0
BRDA:133,11,0,1
BRDA:139,12,0,3
BRDA:143,13,0,2
BRDA:144,14,0,2
BRDA:144,14,1,0
BRDA:153,15,0,0
BRDA:159,16,0,6
BRDA:168,17,0,1
BRDA:169,18,0,1
BRDA:169,18,1,0
BRDA:177,19,0,11
BRDA:195,20,0,0
BRDA:205,21,0,0
BRDA:217,22,0,1
BRDA:217,23,0,4
BRDA:217,23,1,2
BRDA:221,24,0,3
BRF:34
BRH:24
end_of_record
TN:
SF:src\utils\cache.ts
FN:19,getChannelCacheForWindow
FN:31,getCacheKey
FN:42,getOrCreateMessageChannel
FN:63,releaseMessageChannel
FN:80,clearMessageChannelCache
FN:82,(anonymous_5)
FN:91,getServerCacheForWindow
FN:102,getServerCacheKey
FN:111,getCachedServer
FN:128,cacheServer
FN:145,removeCachedServer
FN:156,clearServerCache
FN:158,(anonymous_12)
FNF:13
FNH:13
FNDA:171,getChannelCacheForWindow
FNDA:170,getCacheKey
FNDA:139,getOrCreateMessageChannel
FNDA:89,releaseMessageChannel
FNDA:1,clearMessageChannelCache
FNDA:2,(anonymous_5)
FNDA:245,getServerCacheForWindow
FNDA:10,getServerCacheKey
FNDA:7,getCachedServer
FNDA:4,cacheServer
FNDA:3,removeCachedServer
FNDA:235,clearServerCache
FNDA:1,(anonymous_12)
DA:1,7
DA:8,7
DA:14,7
DA:20,171
DA:21,3
DA:23,171
DA:32,170
DA:42,7
DA:46,139
DA:47,139
DA:49,139
DA:50,139
DA:51,35
DA:52,35
DA:55,139
DA:56,139
DA:63,7
DA:64,89
DA:66,89
DA:67,31
DA:68,31
DA:70,31
DA:71,30
DA:72,30
DA:80,7
DA:81,1
DA:82,1
DA:83,2
DA:85,1
DA:92,245
DA:93,3
DA:95,245
DA:103,10
DA:111,7
DA:115,7
DA:117,5
DA:118,5
DA:119,5
DA:128,7
DA:133,4
DA:135,4
DA:136,4
DA:137,4
DA:145,7
DA:146,3
DA:148,1
DA:149,1
DA:150,1
DA:156,7
DA:157,235
DA:158,235
DA:159,1
DA:161,235
LF:53
LH:53
BRDA:20,0,0,3
BRDA:32,1,0,170
BRDA:32,1,1,154
BRDA:44,2,0,139
BRDA:50,3,0,35
BRDA:66,4,0,31
BRDA:70,5,0,30
BRDA:92,6,0,3
BRDA:103,7,0,10
BRDA:103,7,1,0
BRDA:103,8,0,10
BRDA:103,8,1,0
BRDA:115,9,0,2
BRDA:119,10,0,5
BRDA:119,10,1,4
BRDA:133,11,0,0
BRDA:146,12,0,2
BRF:17
BRH:14
end_of_record
TN:
SF:src\utils\cookie.ts
FN:48,parseSetCookie
FN:51,(anonymous_1)
FN:115,serializeSetCookie
FN:144,createSetCookie
FN:176,createClearCookie
FN:188,matchCookiePath
FN:212,normalizePath
FN:228,(anonymous_7)
FN:234,(anonymous_8)
FN:241,(anonymous_9)
FN:249,(anonymous_10)
FN:264,(anonymous_11)
FN:274,(anonymous_12)
FN:278,(anonymous_13)
FN:301,(anonymous_14)
FN:325,(anonymous_15)
FN:329,(anonymous_16)
FN:341,(anonymous_17)
FN:345,(anonymous_18)
FN:357,(anonymous_19)
FN:364,(anonymous_20)
FN:368,(anonymous_21)
FN:374,(anonymous_22)
FNF:23
FNH:22
FNDA:13,parseSetCookie
FNDA:26,(anonymous_1)
FNDA:0,serializeSetCookie
FNDA:6,createSetCookie
FNDA:2,createClearCookie
FNDA:36,matchCookiePath
FNDA:72,normalizePath
FNDA:60,(anonymous_7)
FNDA:33,(anonymous_8)
FNDA:28,(anonymous_9)
FNDA:4,(anonymous_10)
FNDA:3,(anonymous_11)
FNDA:40,(anonymous_12)
FNDA:29,(anonymous_13)
FNDA:17,(anonymous_14)
FNDA:1,(anonymous_15)
FNDA:2,(anonymous_16)
FNDA:5,(anonymous_17)
FNDA:5,(anonymous_18)
FNDA:4,(anonymous_19)
FNDA:1,(anonymous_20)
FNDA:2,(anonymous_21)
FNDA:1,(anonymous_22)
DA:48,7
DA:49,13
DA:51,26
DA:52,13
DA:55,13
DA:56,13
DA:57,13
DA:59,13
DA:60,13
DA:62,13
DA:64,13
DA:71,13
DA:72,13
DA:73,13
DA:75,13
DA:77,2
DA:78,2
DA:79,1
DA:80,1
DA:81,1
DA:85,11
DA:86,11
DA:88,11
DA:89,5
DA:90,6
DA:91,2
DA:92,2
DA:93,2
DA:95,4
DA:96,1
DA:97,1
DA:98,1
DA:100,3
DA:101,3
DA:102,3
DA:103,3
DA:109,13
DA:115,7
DA:116,0
DA:118,0
DA:119,0
DA:122,0
DA:123,0
DA:126,0
DA:127,0
DA:130,0
DA:131,0
DA:134,0
DA:135,0
DA:138,0
DA:144,7
DA:145,6
DA:147,6
DA:148,6
DA:150,6
DA:151,0
DA:152,6
DA:153,0
DA:154,0
DA:155,0
DA:158,6
DA:159,2
DA:162,6
DA:163,1
DA:166,6
DA:167,1
DA:170,6
DA:176,7
DA:177,2
DA:179,2
DA:188,7
DA:190,36
DA:191,36
DA:194,36
DA:195,8
DA:199,28
DA:201,16
DA:202,15
DA:206,13
DA:213,72
DA:215,72
DA:216,0
DA:219,72
DA:220,0
DA:222,72
DA:228,7
DA:229,60
DA:235,33
DA:242,28
DA:243,28
DA:250,4
DA:251,4
DA:253,4
DA:254,1
DA:256,3
DA:265,3
DA:266,3
DA:275,40
DA:276,40
DA:278,40
DA:280,29
DA:281,1
DA:285,28
DA:287,18
DA:288,18
DA:293,40
DA:302,17
DA:303,2
DA:304,2
DA:305,2
DA:306,1
DA:308,1
DA:312,15
DA:313,14
DA:314,10
DA:315,10
DA:319,5
DA:326,1
DA:327,1
DA:329,1
DA:330,2
DA:331,2
DA:335,1
DA:342,5
DA:343,5
DA:345,5
DA:346,5
DA:347,5
DA:351,5
DA:358,4
DA:365,1
DA:366,1
DA:368,1
DA:369,2
DA:370,1
DA:374,1
LF:136
LH:118
BRDA:49,0,0,0
BRDA:52,1,0,0
BRDA:57,2,0,0
BRDA:62,3,0,0
BRDA:75,4,0,2
BRDA:75,4,1,11
BRDA:78,5,0,1
BRDA:78,5,1,1
BRDA:80,6,0,1
BRDA:88,7,0,5
BRDA:88,7,1,6
BRDA:89,8,0,5
BRDA:89,8,1,0
BRDA:90,9,0,2
BRDA:90,9,1,4
BRDA:92,10,0,2
BRDA:95,11,0,1
BRDA:95,11,1,3
BRDA:97,12,0,1
BRDA:100,13,0,3
BRDA:102,14,0,3
BRDA:102,15,0,3
BRDA:102,15,1,2
BRDA:102,15,2,1
BRDA:118,16,0,0
BRDA:122,17,0,0
BRDA:126,18,0,0
BRDA:130,19,0,0
BRDA:134,20,0,0
BRDA:147,21,0,6
BRDA:147,21,1,4
BRDA:150,22,0,0
BRDA:150,22,1,6
BRDA:152,23,0,0
BRDA:158,24,0,2
BRDA:162,25,0,1
BRDA:166,26,0,1
BRDA:177,27,0,2
BRDA:177,27,1,1
BRDA:194,28,0,8
BRDA:199,29,0,16
BRDA:201,30,0,15
BRDA:201,31,0,16
BRDA:201,31,1,5
BRDA:213,32,0,0
BRDA:213,33,0,72
BRDA:213,33,1,72
BRDA:215,34,0,0
BRDA:219,35,0,0
BRDA:219,36,0,72
BRDA:219,36,1,51
BRDA:251,37,0,4
BRDA:253,38,0,1
BRDA:253,38,1,3
BRDA:253,39,0,4
BRDA:253,39,1,1
BRDA:264,40,0,0
BRDA:280,41,0,1
BRDA:280,42,0,29
BRDA:280,42,1,1
BRDA:285,43,0,18
BRDA:287,44,0,18
BRDA:302,45,0,2
BRDA:305,46,0,1
BRDA:305,47,0,2
BRDA:305,47,1,1
BRDA:305,47,2,0
BRDA:313,48,0,10
BRDA:314,49,0,10
BRDA:314,50,0,10
BRDA:314,50,1,2
BRDA:330,51,0,2
BRDA:330,52,0,2
BRDA:330,52,1,0
BRDA:346,53,0,5
BRDA:346,54,0,5
BRDA:346,54,1,0
BRDA:369,55,0,1
BRDA:369,56,0,2
BRDA:369,56,1,1
BRF:80
BRH:61
end_of_record
TN:
SF:src\utils\debug.ts
FN:13,log
FN:27,formatMessageData
FN:54,setupClientDebugInterceptors
FN:56,(anonymous_3)
FN:72,(anonymous_4)
FN:106,(anonymous_5)
FN:129,setupClientMessageDebugging
FN:135,(anonymous_7)
FN:142,(anonymous_8)
FN:197,(anonymous_9)
FN:209,(anonymous_10)
FN:238,setupServerDebugListeners
FN:243,(anonymous_12)
FN:266,(anonymous_13)
FN:276,(anonymous_14)
FN:287,(anonymous_15)
FN:305,(anonymous_16)
FN:323,(anonymous_17)
FN:342,(anonymous_18)
FN:370,setupServerMessageDebugging
FN:376,(anonymous_20)
FN:442,(anonymous_21)
FN:457,(anonymous_22)
FN:464,(anonymous_23)
FNF:24
FNH:23
FNDA:56,log
FNDA:41,formatMessageData
FNDA:4,setupClientDebugInterceptors
FNDA:4,(anonymous_3)
FNDA:3,(anonymous_4)
FNDA:1,(anonymous_5)
FNDA:4,setupClientMessageDebugging
FNDA:4,(anonymous_7)
FNDA:6,(anonymous_8)
FNDA:0,(anonymous_9)
FNDA:4,(anonymous_10)
FNDA:5,setupServerDebugListeners
FNDA:5,(anonymous_12)
FNDA:1,(anonymous_13)
FNDA:4,(anonymous_14)
FNDA:4,(anonymous_15)
FNDA:1,(anonymous_16)
FNDA:1,(anonymous_17)
FNDA:1,(anonymous_18)
FNDA:5,setupServerMessageDebugging
FNDA:6,(anonymous_20)
FNDA:5,(anonymous_21)
FNDA:5,(anonymous_22)
FNDA:5,(anonymous_23)
DA:3,3
DA:8,3
DA:14,56
DA:15,56
DA:17,56
DA:18,56
DA:20,0
DA:28,41
DA:30,41
DA:33,41
DA:34,3
DA:35,3
DA:36,0
DA:41,41
DA:42,7
DA:43,7
DA:44,0
DA:48,41
DA:54,3
DA:56,4
DA:57,4
DA:67,4
DA:71,4
DA:73,3
DA:81,3
DA:82,1
DA:83,1
DA:84,1
DA:85,1
DA:87,1
DA:92,1
DA:93,2
DA:94,0
DA:98,0
DA:100,2
DA:101,2
DA:104,3
DA:107,1
DA:114,1
DA:120,4
DA:121,4
DA:122,4
DA:130,4
DA:133,4
DA:134,4
DA:135,4
DA:142,4
DA:143,6
DA:144,3
DA:148,3
DA:149,0
DA:153,3
DA:154,1
DA:155,1
DA:163,2
DA:164,0
DA:165,0
DA:171,2
DA:172,0
DA:173,0
DA:177,2
DA:178,2
DA:184,0
DA:185,0
DA:193,6
DA:197,4
DA:198,0
DA:199,0
DA:202,4
DA:207,4
DA:208,4
DA:209,4
DA:216,4
DA:217,4
DA:223,0
DA:224,0
DA:225,0
DA:226,0
DA:229,4
DA:238,3
DA:239,5
DA:240,5
DA:243,5
DA:244,5
DA:245,5
DA:247,5
DA:258,5
DA:259,5
DA:260,5
DA:261,5
DA:262,5
DA:263,5
DA:266,5
DA:267,1
DA:272,1
DA:276,5
DA:277,4
DA:283,4
DA:287,5
DA:288,4
DA:289,4
DA:291,4
DA:301,4
DA:305,5
DA:306,1
DA:307,1
DA:309,1
DA:319,1
DA:323,5
DA:324,1
DA:325,1
DA:327,1
DA:337,1
DA:341,5
DA:342,5
DA:343,1
DA:344,1
DA:346,1
DA:354,1
DA:358,5
DA:362,5
DA:363,5
DA:371,5
DA:374,5
DA:375,5
DA:376,5
DA:383,6
DA:384,5
DA:388,1
DA:389,1
DA:393,0
DA:394,0
DA:395,0
DA:403,0
DA:404,0
DA:405,0
DA:411,0
DA:412,0
DA:413,0
DA:417,0
DA:418,0
DA:425,0
DA:426,0
DA:435,6
DA:440,5
DA:441,5
DA:442,5
DA:443,5
DA:450,5
DA:455,5
DA:456,5
DA:457,5
DA:458,5
DA:459,5
DA:464,5
DA:465,5
DA:466,5
DA:471,5
LF:158
LH:127
BRDA:17,0,0,56
BRDA:17,0,1,0
BRDA:28,1,0,0
BRDA:33,2,0,3
BRDA:33,3,0,41
BRDA:33,3,1,3
BRDA:35,4,0,0
BRDA:41,5,0,7
BRDA:41,6,0,41
BRDA:41,6,1,7
BRDA:43,7,0,0
BRDA:81,8,0,1
BRDA:81,8,1,2
BRDA:81,9,0,3
BRDA:81,9,1,2
BRDA:83,10,0,1
BRDA:83,10,1,0
BRDA:84,11,0,1
BRDA:84,11,1,0
BRDA:93,12,0,0
BRDA:93,12,1,2
BRDA:121,13,0,4
BRDA:121,14,0,4
BRDA:121,14,1,4
BRDA:134,15,0,4
BRDA:143,16,0,3
BRDA:143,16,1,3
BRDA:148,17,0,0
BRDA:148,17,1,3
BRDA:153,18,0,1
BRDA:153,18,1,2
BRDA:163,19,0,0
BRDA:163,19,1,2
BRDA:169,20,0,0
BRDA:169,20,1,0
BRDA:171,21,0,0
BRDA:171,21,1,2
BRDA:177,22,0,2
BRDA:177,22,1,0
BRDA:184,23,0,0
BRDA:208,24,0,4
BRDA:216,25,0,4
BRDA:216,25,1,0
BRDA:223,26,0,0
BRDA:223,26,1,0
BRDA:225,27,0,0
BRDA:281,28,0,0
BRDA:281,28,1,4
BRDA:288,29,0,4
BRDA:288,29,1,1
BRDA:306,30,0,1
BRDA:306,30,1,0
BRDA:324,31,0,1
BRDA:324,31,1,0
BRDA:334,32,0,1
BRDA:334,32,1,0
BRDA:334,33,0,0
BRDA:334,33,1,0
BRDA:341,34,0,5
BRDA:343,35,0,1
BRDA:343,35,1,1
BRDA:362,36,0,5
BRDA:375,37,0,5
BRDA:383,38,0,5
BRDA:383,38,1,1
BRDA:388,39,0,1
BRDA:388,39,1,0
BRDA:393,40,0,0
BRDA:393,40,1,0
BRDA:394,41,0,0
BRDA:394,41,1,0
BRDA:403,42,0,0
BRDA:403,42,1,0
BRDA:404,43,0,0
BRDA:404,43,1,0
BRDA:409,44,0,0
BRDA:409,44,1,0
BRDA:411,45,0,0
BRDA:411,45,1,0
BRDA:412,46,0,0
BRDA:412,46,1,0
BRDA:417,47,0,0
BRDA:417,47,1,0
BRDA:425,48,0,0
BRDA:441,49,0,5
BRDA:456,50,0,5
BRF:86
BRH:44
end_of_record
TN:
SF:src\utils\index.ts
FN:4,generateRequestId
FN:11,generateInstanceId
FN:18,getIframeTargetOrigin
FN:30,isPromise
FN:35,(anonymous_8)
FN:36,(anonymous_9)
FN:37,(anonymous_10)
FN:38,(anonymous_11)
FN:39,(anonymous_12)
FN:40,(anonymous_13)
FN:41,(anonymous_14)
FNF:11
FNH:8
FNDA:37,generateRequestId
FNDA:135,generateInstanceId
FNDA:54,getIframeTargetOrigin
FNDA:41,isPromise
FNDA:239,(anonymous_8)
FNDA:167,(anonymous_9)
FNDA:0,(anonymous_10)
FNDA:0,(anonymous_11)
FNDA:0,(anonymous_12)
FNDA:1470,(anonymous_13)
FNDA:137,(anonymous_14)
DA:4,7
DA:5,37
DA:11,7
DA:12,135
DA:18,7
DA:19,54
DA:20,1
DA:22,53
DA:23,53
DA:25,0
DA:30,7
DA:31,41
DA:34,7
DA:35,246
DA:36,174
DA:37,7
DA:38,7
DA:39,7
DA:40,1477
DA:41,144
DA:45,7
DA:48,7
DA:51,7
LF:23
LH:22
BRDA:19,0,0,1
BRDA:31,1,0,41
BRDA:31,1,1,41
BRDA:31,1,2,18
BRF:4
BRH:4
end_of_record
TN:
SF:src\utils\path-match.ts
FN:18,matchPath
FN:24,(anonymous_1)
FN:72,matchPattern
FNF:3
FNH:3
FNDA:26,matchPath
FNDA:4,(anonymous_1)
FNDA:5,matchPattern
DA:18,7
DA:20,26
DA:23,26
DA:24,4
DA:28,24
DA:29,2
DA:33,22
DA:35,22
DA:36,3
DA:40,19
DA:43,19
DA:48,9
DA:49,1
DA:52,8
DA:53,8
DA:57,10
DA:58,5
DA:61,5
DA:64,0
DA:76,5
DA:79,5
DA:80,5
LF:22
LH:21
BRDA:20,0,0,21
BRDA:20,0,1,5
BRDA:23,1,0,2
BRDA:28,2,0,2
BRDA:33,3,0,22
BRDA:35,4,0,3
BRDA:40,5,0,18
BRDA:40,5,1,1
BRDA:43,6,0,9
BRDA:48,7,0,1
BRDA:53,8,0,8
BRDA:53,8,1,7
BRDA:57,9,0,5
BRF:13
BRH:13
end_of_record
TN:
SF:src\utils\protocol.ts
FN:13,validateProtocolVersion
FN:43,validatePostMessage
FN:99,isRequestIframeMessage
FN:116,createPostMessage
FN:139,isValidPostMessage
FN:154,getProtocolVersion
FN:170,isCompatibleVersion
FNF:7
FNH:7
FNDA:7,validateProtocolVersion
FNDA:5,validatePostMessage
FNDA:4,isRequestIframeMessage
FNDA:239,createPostMessage
FNDA:167,isValidPostMessage
FNDA:1474,getProtocolVersion
FNDA:1019,isCompatibleVersion
DA:2,7
DA:13,7
DA:14,7
DA:15,2
DA:22,5
DA:23,1
DA:32,4
DA:43,7
DA:45,5
DA:46,1
DA:54,4
DA:55,1
DA:63,3
DA:64,3
DA:65,0
DA:69,3
DA:70,1
DA:78,2
DA:79,1
DA:87,1
DA:99,7
DA:100,4
DA:116,7
DA:121,239
DA:139,7
DA:140,167
DA:154,7
DA:155,1474
DA:156,1471
DA:158,3
DA:170,7
DA:171,1019
LF:32
LH:31
BRDA:14,0,0,2
BRDA:14,1,0,7
BRDA:14,1,1,6
BRDA:22,2,0,1
BRDA:45,3,0,1
BRDA:45,4,0,5
BRDA:45,4,1,4
BRDA:54,5,0,1
BRDA:64,6,0,0
BRDA:69,7,0,1
BRDA:78,8,0,1
BRDA:101,9,0,4
BRDA:101,9,1,3
BRDA:101,9,2,3
BRDA:101,9,3,1
BRDA:101,9,4,1
BRDA:141,10,0,167
BRDA:141,10,1,166
BRDA:141,10,2,166
BRDA:141,10,3,163
BRDA:141,10,4,162
BRDA:155,11,0,1471
BRDA:155,12,0,1474
BRDA:155,12,1,1473
BRDA:155,12,2,1473
BRF:25
BRH:24
end_of_record
