TN:
SF:react\src\index.ts
FN:50,useClient
FN:65,(anonymous_1)
FN:78,(anonymous_2)
FN:90,(anonymous_3)
FN:111,(anonymous_4)
FN:122,(anonymous_5)
FN:123,(anonymous_6)
FN:154,useServer
FN:162,(anonymous_8)
FN:173,(anonymous_9)
FN:183,(anonymous_10)
FN:193,(anonymous_11)
FN:194,(anonymous_12)
FN:225,useServerHandler
FN:234,(anonymous_14)
FN:238,(anonymous_15)
FN:278,useServerHandlerMap
FN:286,(anonymous_17)
FN:290,(anonymous_18)
FN:291,(anonymous_19)
FN:292,(anonymous_20)
FN:299,(anonymous_21)
FNF:22
FNH:20
FNDA:23,useClient
FNDA:23,(anonymous_1)
FNDA:9,(anonymous_2)
FNDA:13,(anonymous_3)
FNDA:10,(anonymous_4)
FNDA:9,(anonymous_5)
FNDA:9,(anonymous_6)
FNDA:44,useServer
FNDA:17,(anonymous_8)
FNDA:18,(anonymous_9)
FNDA:18,(anonymous_10)
FNDA:17,(anonymous_11)
FNDA:17,(anonymous_12)
FNDA:14,useServerHandler
FNDA:0,(anonymous_14)
FNDA:13,(anonymous_15)
FNDA:19,useServerHandlerMap
FNDA:11,(anonymous_17)
FNDA:11,(anonymous_18)
FNDA:13,(anonymous_19)
FNDA:0,(anonymous_20)
FNDA:19,(anonymous_21)
DA:1,1
DA:2,1
DA:50,1
DA:55,23
DA:56,23
DA:57,23
DA:58,23
DA:59,23
DA:62,23
DA:63,23
DA:65,23
DA:66,23
DA:76,23
DA:78,23
DA:79,9
DA:80,0
DA:81,0
DA:83,9
DA:90,23
DA:92,13
DA:95,10
DA:96,0
DA:97,0
DA:100,10
DA:102,10
DA:103,0
DA:104,0
DA:107,10
DA:108,10
DA:109,10
DA:111,10
DA:113,10
DA:114,10
DA:115,10
DA:116,10
DA:122,23
DA:123,9
DA:124,9
DA:128,23
DA:154,1
DA:158,44
DA:159,44
DA:160,44
DA:161,44
DA:162,44
DA:163,17
DA:164,0
DA:165,0
DA:173,44
DA:174,18
DA:175,0
DA:176,0
DA:179,18
DA:180,18
DA:181,18
DA:183,18
DA:184,18
DA:185,18
DA:186,18
DA:193,44
DA:194,17
DA:195,17
DA:199,44
DA:225,1
DA:231,14
DA:232,14
DA:234,14
DA:235,0
DA:238,14
DA:239,13
DA:240,6
DA:244,7
DA:247,7
DA:278,1
DA:283,19
DA:284,19
DA:286,19
DA:287,11
DA:290,19
DA:291,11
DA:292,13
DA:293,0
DA:295,13
DA:299,19
DA:300,19
DA:301,8
DA:304,11
DA:307,11
LF:88
LH:76
BRDA:66,0,0,21
BRDA:66,0,1,2
BRDA:79,1,0,0
BRDA:92,2,0,3
BRDA:95,3,0,0
BRDA:102,4,0,0
BRDA:113,5,0,10
BRDA:119,6,0,11
BRDA:119,6,1,12
BRDA:163,7,0,0
BRDA:174,8,0,0
BRDA:184,9,0,18
BRDA:189,10,0,44
BRDA:189,10,1,40
BRDA:239,11,0,6
BRDA:248,12,0,14
BRDA:248,12,1,0
BRDA:300,13,0,8
BRDA:308,14,0,19
BRDA:308,14,1,0
BRF:20
BRH:13
end_of_record
TN:
SF:src\api\client.ts
FN:16,requestIframeClient
FN:73,clearRequestIframeClientCache
FNF:2
FNH:2
FNDA:75,requestIframeClient
FNDA:224,clearRequestIframeClientCache
DA:2,3
DA:3,3
DA:4,3
DA:5,3
DA:6,3
DA:16,3
DA:20,75
DA:21,75
DA:23,75
DA:24,73
DA:25,73
DA:26,73
DA:27,73
DA:28,2
DA:34,2
DA:35,2
DA:39,73
DA:42,73
DA:45,73
DA:52,73
DA:62,73
DA:63,1
DA:66,73
DA:73,3
DA:77,224
LF:25
LH:25
BRDA:23,0,0,73
BRDA:23,0,1,2
BRDA:27,1,0,2
BRDA:62,2,0,1
BRF:4
BRH:4
end_of_record
TN:
SF:src\api\server.ts
FN:15,requestIframeServer
FN:55,clearRequestIframeServerCache
FNF:2
FNH:2
FNDA:109,requestIframeServer
FNDA:274,clearRequestIframeServerCache
DA:2,4
DA:3,4
DA:4,4
DA:15,4
DA:19,109
DA:20,109
DA:23,109
DA:24,5
DA:25,5
DA:26,1
DA:31,108
DA:39,108
DA:40,1
DA:44,108
DA:45,4
DA:48,108
DA:55,4
DA:57,274
DA:59,274
LF:19
LH:19
BRDA:23,0,0,5
BRDA:25,1,0,1
BRDA:39,2,0,1
BRDA:44,3,0,4
BRF:4
BRH:4
end_of_record
TN:
SF:src\constants\index.ts
FN:71,getStatusText
FN:251,(anonymous_1)
FN:251,(anonymous_2)
FN:251,(anonymous_3)
FN:251,(anonymous_4)
FN:251,(anonymous_5)
FNF:6
FNH:3
FNDA:59,getStatusText
FNDA:119,(anonymous_1)
FNDA:12,(anonymous_2)
FNDA:0,(anonymous_3)
FNDA:0,(anonymous_4)
FNDA:0,(anonymous_5)
DA:10,8
DA:39,8
DA:55,8
DA:71,8
DA:72,59
DA:78,8
DA:106,8
DA:135,8
DA:147,8
DA:164,8
DA:195,8
DA:206,8
DA:230,8
DA:251,127
LF:14
LH:14
BRDA:72,0,0,59
BRDA:72,0,1,1
BRF:2
BRH:2
end_of_record
TN:
SF:src\constants\messages.ts
FN:106,(anonymous_0)
FN:115,setMessages
FN:122,resetMessages
FN:139,formatMessage
FN:140,(anonymous_4)
FN:149,getMessages
FNF:6
FNH:3
FNDA:119,(anonymous_0)
FNDA:0,setMessages
FNDA:0,resetMessages
FNDA:12,formatMessage
FNDA:14,(anonymous_4)
FNDA:0,getMessages
DA:15,8
DA:100,8
DA:105,8
DA:107,119
DA:115,8
DA:116,0
DA:122,8
DA:123,0
DA:139,8
DA:140,12
DA:141,14
DA:142,14
DA:149,8
DA:150,0
LF:14
LH:11
BRDA:107,0,0,119
BRDA:107,0,1,1
BRDA:142,1,0,14
BRDA:142,1,1,0
BRF:4
BRH:3
end_of_record
TN:
SF:src\core\client-server.ts
FN:74,(anonymous_0)
FN:91,(anonymous_1)
FN:100,(anonymous_2)
FN:105,(anonymous_3)
FN:112,(anonymous_4)
FN:119,(anonymous_5)
FN:195,(anonymous_6)
FN:196,(anonymous_7)
FN:205,(anonymous_8)
FN:219,(anonymous_9)
FN:258,(anonymous_10)
FN:270,(anonymous_11)
FN:284,(anonymous_12)
FN:289,(anonymous_13)
FN:294,(anonymous_14)
FN:301,(anonymous_15)
FN:306,(anonymous_16)
FN:317,(anonymous_17)
FN:329,(anonymous_18)
FN:336,(anonymous_19)
FN:343,(anonymous_20)
FN:349,(anonymous_21)
FNF:22
FNH:15
FNDA:73,(anonymous_0)
FNDA:74,(anonymous_1)
FNDA:13,(anonymous_2)
FNDA:104,(anonymous_3)
FNDA:5,(anonymous_4)
FNDA:74,(anonymous_5)
FNDA:2400,(anonymous_6)
FNDA:292,(anonymous_7)
FNDA:0,(anonymous_8)
FNDA:1501,(anonymous_9)
FNDA:0,(anonymous_10)
FNDA:7,(anonymous_11)
FNDA:73,(anonymous_12)
FNDA:0,(anonymous_13)
FNDA:83,(anonymous_14)
FNDA:0,(anonymous_15)
FNDA:0,(anonymous_16)
FNDA:56,(anonymous_17)
FNDA:56,(anonymous_18)
FNDA:0,(anonymous_19)
FNDA:12,(anonymous_20)
FNDA:0,(anonymous_21)
DA:2,3
DA:3,3
DA:4,3
DA:5,3
DA:49,3
DA:55,73
DA:58,73
DA:63,73
DA:69,73
DA:72,73
DA:75,73
DA:76,73
DA:79,73
DA:80,73
DA:83,73
DA:84,73
DA:92,74
DA:93,74
DA:94,74
DA:101,13
DA:102,13
DA:105,104
DA:106,13
DA:113,5
DA:120,74
DA:126,74
DA:129,74
DA:138,74
DA:147,74
DA:156,74
DA:165,74
DA:174,74
DA:184,74
DA:193,74
DA:195,2400
DA:196,292
DA:207,0
DA:208,0
DA:209,0
DA:210,0
DA:220,1501
DA:221,1501
DA:228,1408
DA:229,0
DA:230,0
DA:231,0
DA:233,0
DA:236,1408
DA:240,93
DA:241,0
DA:245,93
DA:246,54
DA:247,54
DA:251,39
DA:252,39
DA:259,0
DA:260,0
DA:261,0
DA:262,0
DA:263,0
DA:271,7
DA:272,7
DA:273,1
DA:274,0
DA:276,1
DA:277,1
DA:285,73
DA:290,0
DA:295,83
DA:306,0
DA:307,0
DA:308,0
DA:311,0
DA:323,56
DA:330,56
DA:337,0
DA:345,12
DA:348,12
DA:349,12
DA:350,12
DA:351,12
DA:354,12
DA:355,12
LF:83
LH:62
BRDA:75,0,0,73
BRDA:75,0,1,70
BRDA:76,1,0,73
BRDA:76,1,1,73
BRDA:83,2,0,73
BRDA:92,3,0,0
BRDA:101,4,0,0
BRDA:195,5,0,2400
BRDA:195,5,1,387
BRDA:208,6,0,0
BRDA:221,7,0,1408
BRDA:228,8,0,0
BRDA:230,9,0,0
BRDA:240,10,0,0
BRDA:240,11,0,93
BRDA:240,11,1,93
BRDA:240,11,2,93
BRDA:245,12,0,54
BRDA:245,13,0,93
BRDA:245,13,1,51
BRDA:245,13,2,43
BRDA:260,14,0,0
BRDA:272,15,0,1
BRDA:273,16,0,0
BRDA:273,17,0,1
BRDA:273,17,1,1
BRDA:273,17,2,1
BRF:27
BRH:19
end_of_record
TN:
SF:src\core\client.ts
FN:101,(anonymous_9)
FN:126,(anonymous_10)
FN:134,(anonymous_11)
FN:141,(anonymous_12)
FN:148,(anonymous_13)
FN:155,(anonymous_14)
FN:170,(anonymous_15)
FN:180,(anonymous_16)
FN:187,(anonymous_17)
FN:189,(anonymous_18)
FN:197,(anonymous_19)
FN:228,(anonymous_20)
FN:229,(anonymous_21)
FN:234,(anonymous_22)
FN:241,(anonymous_23)
FN:249,(anonymous_24)
FN:258,(anonymous_25)
FN:275,(anonymous_26)
FN:330,(anonymous_27)
FN:339,(anonymous_28)
FN:345,(anonymous_29)
FN:361,(anonymous_30)
FN:413,(anonymous_31)
FN:430,(anonymous_32)
FN:434,(anonymous_33)
FN:439,(anonymous_34)
FN:445,(anonymous_35)
FN:448,(anonymous_36)
FN:449,(anonymous_37)
FN:458,(anonymous_38)
FN:464,(anonymous_39)
FN:466,(anonymous_40)
FN:476,(anonymous_41)
FN:478,(anonymous_42)
FN:488,(anonymous_43)
FN:490,(anonymous_44)
FN:503,(anonymous_45)
FN:576,(anonymous_46)
FN:587,(anonymous_47)
FN:605,(anonymous_48)
FN:634,(anonymous_49)
FN:688,(anonymous_50)
FN:732,(anonymous_51)
FN:773,(anonymous_52)
FN:780,(anonymous_53)
FN:787,(anonymous_54)
FN:794,(anonymous_55)
FN:801,(anonymous_56)
FN:820,(anonymous_57)
FN:832,(anonymous_58)
FN:842,(anonymous_59)
FN:867,(anonymous_60)
FN:874,(anonymous_61)
FNF:53
FNH:51
FNDA:73,(anonymous_9)
FNDA:292,(anonymous_10)
FNDA:6,(anonymous_11)
FNDA:4,(anonymous_12)
FNDA:1,(anonymous_13)
FNDA:292,(anonymous_14)
FNDA:4,(anonymous_15)
FNDA:33,(anonymous_16)
FNDA:33,(anonymous_17)
FNDA:4,(anonymous_18)
FNDA:51,(anonymous_19)
FNDA:5,(anonymous_20)
FNDA:5,(anonymous_21)
FNDA:5,(anonymous_22)
FNDA:3,(anonymous_23)
FNDA:0,(anonymous_24)
FNDA:4,(anonymous_25)
FNDA:48,(anonymous_26)
FNDA:2,(anonymous_27)
FNDA:2,(anonymous_28)
FNDA:2,(anonymous_29)
FNDA:4,(anonymous_30)
FNDA:51,(anonymous_31)
FNDA:51,(anonymous_32)
FNDA:51,(anonymous_33)
FNDA:16,(anonymous_34)
FNDA:16,(anonymous_35)
FNDA:3,(anonymous_36)
FNDA:3,(anonymous_37)
FNDA:16,(anonymous_38)
FNDA:51,(anonymous_39)
FNDA:8,(anonymous_40)
FNDA:42,(anonymous_41)
FNDA:1,(anonymous_42)
FNDA:8,(anonymous_43)
FNDA:1,(anonymous_44)
FNDA:91,(anonymous_45)
FNDA:2,(anonymous_46)
FNDA:2,(anonymous_47)
FNDA:1,(anonymous_48)
FNDA:1,(anonymous_49)
FNDA:31,(anonymous_50)
FNDA:0,(anonymous_51)
FNDA:1,(anonymous_52)
FNDA:4,(anonymous_53)
FNDA:1,(anonymous_54)
FNDA:1,(anonymous_55)
FNDA:12,(anonymous_56)
FNDA:8,(anonymous_57)
FNDA:11,(anonymous_58)
FNDA:12,(anonymous_59)
FNDA:1,(anonymous_60)
FNDA:1,(anonymous_61)
DA:12,3
DA:13,3
DA:18,3
DA:25,3
DA:36,3
DA:56,3
DA:60,73
DA:86,73
DA:93,73
DA:108,73
DA:109,73
DA:110,73
DA:111,73
DA:112,73
DA:115,73
DA:116,73
DA:117,73
DA:120,73
DA:123,73
DA:126,73
DA:127,292
DA:135,6
DA:142,4
DA:149,1
DA:156,292
DA:157,292
DA:159,292
DA:160,292
DA:162,7
DA:163,7
DA:171,4
DA:172,2
DA:174,2
DA:181,33
DA:188,33
DA:189,33
DA:198,51
DA:201,51
DA:202,2
DA:203,2
DA:208,51
DA:209,1
DA:210,2
DA:215,51
DA:216,33
DA:217,33
DA:218,33
DA:222,51
DA:229,5
DA:230,5
DA:231,5
DA:232,5
DA:234,5
DA:235,5
DA:236,5
DA:239,5
DA:242,3
DA:243,3
DA:244,1
DA:245,1
DA:246,1
DA:250,0
DA:251,0
DA:252,0
DA:253,0
DA:258,5
DA:259,4
DA:260,4
DA:261,4
DA:262,4
DA:266,5
DA:280,48
DA:286,48
DA:291,48
DA:294,48
DA:298,1
DA:300,47
DA:301,0
DA:305,47
DA:312,47
DA:314,47
DA:316,47
DA:335,2
DA:336,2
DA:337,2
DA:339,4
DA:340,2
DA:347,2
DA:350,2
DA:354,2
DA:366,4
DA:371,4
DA:375,4
DA:376,4
DA:377,4
DA:379,4
DA:389,4
DA:390,4
DA:391,4
DA:393,4
DA:394,4
DA:406,4
DA:407,4
DA:428,51
DA:430,51
DA:431,51
DA:432,51
DA:434,51
DA:435,51
DA:436,51
DA:439,51
DA:440,16
DA:441,16
DA:442,16
DA:444,16
DA:447,16
DA:448,16
DA:449,3
DA:450,3
DA:451,2
DA:453,1
DA:456,16
DA:460,16
DA:464,51
DA:465,51
DA:466,51
DA:467,8
DA:476,51
DA:477,42
DA:478,42
DA:479,1
DA:488,51
DA:489,8
DA:490,8
DA:491,1
DA:501,51
DA:504,91
DA:507,91
DA:509,42
DA:510,11
DA:513,42
DA:514,42
DA:518,49
DA:520,8
DA:521,0
DA:524,8
DA:525,8
DA:529,41
DA:530,4
DA:531,4
DA:533,4
DA:534,4
DA:535,4
DA:536,4
DA:537,4
DA:538,4
DA:541,4
DA:542,3
DA:556,3
DA:558,2
DA:560,2
DA:561,2
DA:562,2
DA:563,2
DA:564,2
DA:568,2
DA:571,2
DA:575,2
DA:577,2
DA:585,2
DA:588,2
DA:591,2
DA:595,1
DA:604,1
DA:606,1
DA:609,1
DA:613,1
DA:624,1
DA:633,1
DA:635,1
DA:638,1
DA:642,37
DA:643,0
DA:644,0
DA:648,37
DA:649,31
DA:650,31
DA:653,31
DA:654,1
DA:658,31
DA:659,1
DA:672,31
DA:673,1
DA:674,1
DA:675,1
DA:676,2
DA:680,31
DA:687,31
DA:689,31
DA:692,31
DA:696,6
DA:698,6
DA:699,0
DA:703,6
DA:704,1
DA:716,6
DA:729,6
DA:733,0
DA:744,51
DA:747,51
DA:748,51
DA:751,51
DA:758,51
DA:759,4
DA:761,51
DA:774,1
DA:781,4
DA:788,1
DA:795,1
DA:803,12
DA:806,12
DA:809,12
DA:810,12
DA:813,12
DA:821,8
DA:822,4
DA:824,4
DA:833,11
DA:848,12
DA:849,1
DA:850,11
DA:851,1
DA:854,12
DA:868,1
DA:875,1
LF:235
LH:225
BRDA:108,0,0,73
BRDA:108,0,1,0
BRDA:115,1,0,73
BRDA:115,1,1,70
BRDA:116,2,0,73
BRDA:116,2,1,72
BRDA:117,3,0,73
BRDA:117,3,1,72
BRDA:120,4,0,73
BRDA:120,4,1,71
BRDA:157,5,0,0
BRDA:157,6,0,292
BRDA:157,6,1,292
BRDA:160,7,0,7
BRDA:171,8,0,2
BRDA:201,9,0,2
BRDA:208,10,0,1
BRDA:215,11,0,33
BRDA:215,12,0,51
BRDA:215,12,1,33
BRDA:217,13,0,33
BRDA:235,14,0,5
BRDA:242,15,0,0
BRDA:243,16,0,1
BRDA:250,17,0,0
BRDA:259,18,0,0
BRDA:294,19,0,1
BRDA:295,20,0,48
BRDA:295,20,1,48
BRDA:295,20,2,48
BRDA:295,20,3,48
BRDA:300,21,0,0
BRDA:311,22,0,46
BRDA:314,23,0,47
BRDA:314,23,1,46
BRDA:335,24,0,2
BRDA:335,24,1,1
BRDA:341,25,0,2
BRDA:341,25,1,1
BRDA:341,26,0,0
BRDA:341,26,1,1
BRDA:341,27,0,1
BRDA:341,27,1,1
BRDA:342,28,0,2
BRDA:342,28,1,1
BRDA:342,28,2,0
BRDA:342,29,0,0
BRDA:342,29,1,1
BRDA:342,30,0,1
BRDA:342,30,1,1
BRDA:347,31,0,0
BRDA:347,31,1,2
BRDA:375,32,0,4
BRDA:375,32,1,4
BRDA:376,33,0,4
BRDA:376,33,1,4
BRDA:424,34,0,26
BRDA:425,35,0,43
BRDA:426,36,0,48
BRDA:427,37,0,48
BRDA:435,38,0,51
BRDA:440,39,0,0
BRDA:450,40,0,2
BRDA:465,41,0,0
BRDA:477,42,0,42
BRDA:489,43,0,8
BRDA:504,44,0,0
BRDA:507,45,0,42
BRDA:509,46,0,11
BRDA:509,47,0,42
BRDA:509,47,1,14
BRDA:518,48,0,8
BRDA:520,49,0,0
BRDA:520,50,0,8
BRDA:520,50,1,4
BRDA:529,51,0,4
BRDA:535,52,0,4
BRDA:535,52,1,0
BRDA:536,53,0,4
BRDA:536,53,1,0
BRDA:538,54,0,4
BRDA:538,54,1,1
BRDA:541,55,0,3
BRDA:556,56,0,2
BRDA:560,57,0,2
BRDA:561,58,0,2
BRDA:561,58,1,0
BRDA:563,59,0,2
BRDA:568,60,0,2
BRDA:568,60,1,0
BRDA:568,60,2,0
BRDA:571,61,0,2
BRDA:571,61,1,0
BRDA:579,62,0,2
BRDA:579,62,1,0
BRDA:580,63,0,2
BRDA:580,63,1,0
BRDA:588,64,0,0
BRDA:588,64,1,2
BRDA:597,65,0,1
BRDA:597,65,1,0
BRDA:598,66,0,1
BRDA:598,66,1,0
BRDA:606,67,0,0
BRDA:606,67,1,1
BRDA:626,68,0,1
BRDA:626,68,1,0
BRDA:627,69,0,1
BRDA:627,69,1,0
BRDA:635,70,0,0
BRDA:635,70,1,1
BRDA:642,71,0,0
BRDA:648,72,0,31
BRDA:653,73,0,1
BRDA:653,74,0,31
BRDA:653,74,1,15
BRDA:658,75,0,1
BRDA:672,76,0,1
BRDA:672,77,0,31
BRDA:672,77,1,11
BRDA:674,78,0,1
BRDA:674,78,1,0
BRDA:682,79,0,31
BRDA:682,79,1,0
BRDA:683,80,0,31
BRDA:683,80,1,0
BRDA:689,81,0,2
BRDA:689,81,1,29
BRDA:696,82,0,6
BRDA:698,83,0,0
BRDA:698,84,0,6
BRDA:698,84,1,0
BRDA:703,85,0,1
BRDA:717,86,0,6
BRDA:717,86,1,0
BRDA:718,87,0,6
BRDA:718,87,1,0
BRDA:720,88,0,6
BRDA:720,88,1,0
BRDA:724,89,0,6
BRDA:724,89,1,2
BRDA:734,90,0,0
BRDA:734,90,1,0
BRDA:758,91,0,4
BRDA:821,92,0,4
BRDA:848,93,0,1
BRDA:848,93,1,11
BRDA:850,94,0,1
BRDA:857,95,0,12
BRDA:857,95,1,9
BRDA:868,96,0,1
BRDA:868,96,1,1
BRF:152
BRH:112
end_of_record
TN:
SF:src\core\request.ts
FN:21,(anonymous_0)
FNF:1
FNH:1
FNDA:58,(anonymous_0)
DA:9,4
DA:27,58
DA:29,58
DA:30,58
DA:31,12
DA:32,4
DA:35,58
DA:36,58
DA:37,58
DA:38,58
DA:39,58
DA:40,58
DA:41,58
LF:13
LH:13
BRDA:25,0,0,0
BRDA:30,1,0,12
BRDA:32,2,0,0
BRDA:32,2,1,4
BRDA:35,3,0,58
BRDA:35,3,1,48
BRDA:36,4,0,58
BRDA:36,4,1,0
BRF:8
BRH:5
end_of_record
TN:
SF:src\core\response.ts
FN:33,(anonymous_0)
FN:56,(anonymous_1)
FN:63,(anonymous_2)
FN:65,(anonymous_3)
FN:72,(anonymous_4)
FN:79,(anonymous_5)
FN:90,(anonymous_6)
FN:97,(anonymous_7)
FN:107,(anonymous_8)
FN:133,(anonymous_9)
FN:159,(anonymous_10)
FN:192,(anonymous_11)
FN:196,(anonymous_12)
FN:233,(anonymous_13)
FN:255,(anonymous_14)
FN:274,(anonymous_15)
FN:279,(anonymous_16)
FN:303,(anonymous_17)
FN:309,(anonymous_18)
FN:341,(anonymous_19)
FNF:20
FNH:20
FNDA:62,(anonymous_0)
FNDA:46,(anonymous_1)
FNDA:46,(anonymous_2)
FNDA:6,(anonymous_3)
FNDA:46,(anonymous_4)
FNDA:46,(anonymous_5)
FNDA:6,(anonymous_6)
FNDA:5,(anonymous_7)
FNDA:46,(anonymous_8)
FNDA:6,(anonymous_9)
FNDA:46,(anonymous_10)
FNDA:2,(anonymous_11)
FNDA:5,(anonymous_12)
FNDA:5,(anonymous_13)
FNDA:7,(anonymous_14)
FNDA:5,(anonymous_15)
FNDA:63,(anonymous_16)
FNDA:1,(anonymous_17)
FNDA:6,(anonymous_18)
FNDA:2,(anonymous_19)
DA:2,4
DA:3,4
DA:4,4
DA:17,4
DA:18,62
DA:19,62
DA:31,62
DA:43,62
DA:44,62
DA:45,62
DA:46,62
DA:47,62
DA:48,62
DA:49,62
DA:50,62
DA:57,46
DA:64,46
DA:65,46
DA:73,46
DA:80,46
DA:81,46
DA:82,46
DA:83,46
DA:91,6
DA:98,5
DA:99,4
DA:100,4
DA:108,46
DA:109,46
DA:111,46
DA:114,46
DA:115,40
DA:129,40
DA:133,6
DA:134,6
DA:136,6
DA:160,46
DA:163,46
DA:165,0
DA:168,0
DA:172,46
DA:177,0
DA:184,0
DA:188,46
DA:189,46
DA:193,2
DA:200,5
DA:202,5
DA:203,5
DA:207,5
DA:209,3
DA:210,2
DA:211,1
DA:212,1
DA:213,1
DA:216,1
DA:220,5
DA:221,5
DA:222,5
DA:224,0
DA:228,5
DA:235,5
DA:243,5
DA:248,5
DA:256,7
DA:257,7
DA:260,7
DA:271,7
DA:275,5
DA:276,5
DA:282,63
DA:283,3
DA:284,3
DA:285,1
DA:289,2
DA:290,2
DA:291,1
DA:293,1
DA:296,60
DA:297,2
DA:299,58
DA:305,1
DA:306,1
DA:319,6
DA:331,6
DA:332,6
DA:333,3
DA:335,3
DA:338,6
DA:349,2
DA:352,2
DA:353,2
DA:354,0
DA:356,2
DA:359,2
LF:95
LH:89
BRDA:80,0,0,0
BRDA:82,1,0,46
BRDA:98,2,0,4
BRDA:108,3,0,0
BRDA:111,4,0,46
BRDA:111,4,1,40
BRDA:114,5,0,40
BRDA:160,6,0,0
BRDA:163,7,0,0
BRDA:172,8,0,0
BRDA:173,9,0,46
BRDA:173,9,1,46
BRDA:173,9,2,46
BRDA:173,9,3,46
BRDA:180,10,0,0
BRDA:180,10,1,0
BRDA:180,11,0,0
BRDA:180,11,1,0
BRDA:200,12,0,0
BRDA:202,13,0,5
BRDA:202,13,1,2
BRDA:207,14,0,3
BRDA:207,14,1,2
BRDA:210,15,0,1
BRDA:210,15,1,1
BRDA:211,16,0,1
BRDA:211,16,1,0
BRDA:212,17,0,1
BRDA:212,17,1,1
BRDA:221,18,0,5
BRDA:221,18,1,0
BRDA:229,19,0,5
BRDA:229,19,1,0
BRDA:256,20,0,0
BRDA:282,21,0,3
BRDA:282,21,1,60
BRDA:284,22,0,1
BRDA:284,22,1,2
BRDA:285,23,0,1
BRDA:285,23,1,0
BRDA:290,24,0,1
BRDA:290,24,1,1
BRDA:296,25,0,2
BRDA:296,25,1,58
BRDA:325,26,0,1
BRDA:325,26,1,5
BRDA:326,27,0,1
BRDA:326,27,1,4
BRDA:332,28,0,3
BRDA:332,28,1,3
BRDA:353,29,0,0
BRDA:353,29,1,2
BRF:52
BRH:36
end_of_record
TN:
SF:src\core\server.ts
FN:106,(anonymous_0)
FN:125,(anonymous_1)
FN:134,(anonymous_2)
FN:139,(anonymous_3)
FN:146,(anonymous_4)
FN:153,(anonymous_5)
FN:163,(anonymous_6)
FN:172,(anonymous_7)
FN:181,(anonymous_8)
FN:190,(anonymous_9)
FN:196,(anonymous_10)
FN:197,(anonymous_11)
FN:204,(anonymous_12)
FN:216,(anonymous_13)
FN:219,(anonymous_14)
FN:222,(anonymous_15)
FN:248,(anonymous_16)
FN:251,(anonymous_17)
FN:273,(anonymous_18)
FN:293,(anonymous_19)
FN:316,(anonymous_20)
FN:329,(anonymous_21)
FN:353,(anonymous_22)
FN:366,(anonymous_23)
FN:376,(anonymous_24)
FN:381,(anonymous_25)
FN:385,(anonymous_26)
FN:420,(anonymous_27)
FN:453,(anonymous_28)
FN:479,(anonymous_29)
FN:552,(anonymous_30)
FN:555,(anonymous_31)
FN:583,(anonymous_32)
FN:618,(anonymous_33)
FN:623,(anonymous_34)
FN:633,(anonymous_35)
FN:647,(anonymous_36)
FN:652,(anonymous_37)
FN:657,(anonymous_38)
FN:665,(anonymous_39)
FN:677,(anonymous_40)
FN:701,(anonymous_41)
FN:704,(anonymous_42)
FN:713,(anonymous_43)
FN:715,(anonymous_44)
FN:718,(anonymous_45)
FN:719,(anonymous_46)
FN:726,(anonymous_47)
FN:731,(anonymous_48)
FNF:49
FNH:46
FNDA:108,(anonymous_0)
FNDA:109,(anonymous_1)
FNDA:111,(anonymous_2)
FNDA:545,(anonymous_3)
FNDA:12,(anonymous_4)
FNDA:109,(anonymous_5)
FNDA:65,(anonymous_6)
FNDA:1,(anonymous_7)
FNDA:1,(anonymous_8)
FNDA:4,(anonymous_9)
FNDA:89,(anonymous_10)
FNDA:11,(anonymous_11)
FNDA:4,(anonymous_12)
FNDA:4,(anonymous_13)
FNDA:4,(anonymous_14)
FNDA:0,(anonymous_15)
FNDA:2,(anonymous_16)
FNDA:2,(anonymous_17)
FNDA:0,(anonymous_18)
FNDA:2,(anonymous_19)
FNDA:11,(anonymous_20)
FNDA:1,(anonymous_21)
FNDA:1,(anonymous_22)
FNDA:1,(anonymous_23)
FNDA:9,(anonymous_24)
FNDA:13,(anonymous_25)
FNDA:2,(anonymous_26)
FNDA:48,(anonymous_27)
FNDA:63,(anonymous_28)
FNDA:65,(anonymous_29)
FNDA:5,(anonymous_30)
FNDA:0,(anonymous_31)
FNDA:48,(anonymous_32)
FNDA:58,(anonymous_33)
FNDA:4,(anonymous_34)
FNDA:20,(anonymous_35)
FNDA:87,(anonymous_36)
FNDA:3,(anonymous_37)
FNDA:58,(anonymous_38)
FNDA:71,(anonymous_39)
FNDA:1,(anonymous_40)
FNDA:3,(anonymous_41)
FNDA:2,(anonymous_42)
FNDA:3,(anonymous_43)
FNDA:7,(anonymous_44)
FNDA:1,(anonymous_45)
FNDA:2,(anonymous_46)
FNDA:109,(anonymous_47)
FNDA:53,(anonymous_48)
DA:8,4
DA:9,4
DA:10,4
DA:11,4
DA:12,4
DA:13,4
DA:14,4
DA:15,4
DA:27,4
DA:28,4
DA:81,4
DA:88,108
DA:89,108
DA:92,108
DA:95,108
DA:98,108
DA:101,108
DA:104,108
DA:108,108
DA:109,108
DA:110,108
DA:113,108
DA:114,108
DA:117,108
DA:118,106
DA:126,109
DA:127,109
DA:128,109
DA:135,111
DA:136,109
DA:139,545
DA:140,109
DA:147,12
DA:154,109
DA:160,109
DA:163,65
DA:169,109
DA:172,1
DA:178,109
DA:181,1
DA:187,109
DA:190,4
DA:194,109
DA:196,89
DA:197,11
DA:205,4
DA:206,4
DA:207,4
DA:208,4
DA:209,4
DA:211,4
DA:213,4
DA:215,4
DA:217,4
DA:220,4
DA:223,0
DA:227,4
DA:228,4
DA:229,4
DA:231,4
DA:234,4
DA:235,2
DA:243,2
DA:244,2
DA:245,2
DA:246,2
DA:247,2
DA:249,2
DA:250,2
DA:251,2
DA:252,2
DA:253,2
DA:254,2
DA:255,2
DA:262,2
DA:266,0
DA:269,0
DA:274,0
DA:276,2
DA:280,0
DA:281,0
DA:284,2
DA:289,2
DA:290,2
DA:293,2
DA:294,2
DA:295,2
DA:296,2
DA:297,2
DA:304,2
DA:308,0
DA:311,0
DA:317,11
DA:318,11
DA:319,11
DA:320,11
DA:321,9
DA:322,9
DA:330,1
DA:333,1
DA:354,1
DA:355,1
DA:367,1
DA:368,1
DA:369,1
DA:370,1
DA:371,1
DA:377,9
DA:382,13
DA:391,2
DA:396,2
DA:400,2
DA:426,48
DA:427,1
DA:428,47
DA:429,3
DA:454,63
DA:457,63
DA:458,63
DA:459,55
DA:463,8
DA:465,4
DA:466,3
DA:467,3
DA:468,3
DA:473,5
DA:481,65
DA:482,64
DA:485,63
DA:486,0
DA:489,63
DA:490,63
DA:493,63
DA:494,63
DA:498,5
DA:502,5
DA:515,5
DA:518,58
DA:521,58
DA:525,58
DA:538,58
DA:550,58
DA:553,5
DA:556,0
DA:562,58
DA:563,58
DA:564,4
DA:576,4
DA:580,54
DA:583,54
DA:585,48
DA:586,48
DA:588,47
DA:591,17
DA:602,17
DA:607,30
DA:610,1
DA:623,58
DA:624,4
DA:625,4
DA:628,58
DA:634,20
DA:635,17
DA:639,3
DA:640,3
DA:648,87
DA:649,87
DA:652,87
DA:653,3
DA:662,58
DA:663,58
DA:665,58
DA:666,71
DA:667,1
DA:670,70
DA:671,20
DA:673,20
DA:674,18
DA:675,18
DA:676,17
DA:677,1
DA:678,1
DA:679,1
DA:683,17
DA:685,1
DA:686,1
DA:688,1
DA:693,52
DA:694,52
DA:698,58
DA:702,3
DA:704,1
DA:705,2
DA:709,2
DA:714,3
DA:715,3
DA:716,7
DA:718,3
DA:719,2
DA:728,109
DA:731,109
DA:732,109
DA:735,109
DA:736,109
DA:739,109
DA:740,109
LF:206
LH:196
BRDA:108,0,0,108
BRDA:108,0,1,104
BRDA:109,1,0,108
BRDA:109,1,1,104
BRDA:110,2,0,108
BRDA:110,2,1,108
BRDA:117,3,0,106
BRDA:126,4,0,0
BRDA:135,5,0,2
BRDA:196,6,0,89
BRDA:196,6,1,15
BRDA:205,7,0,0
BRDA:207,8,0,0
BRDA:209,9,0,0
BRDA:209,10,0,4
BRDA:209,10,1,4
BRDA:227,11,0,4
BRDA:227,11,1,0
BRDA:228,12,0,4
BRDA:228,12,1,0
BRDA:234,13,0,2
BRDA:234,13,1,2
BRDA:243,14,0,2
BRDA:243,14,1,0
BRDA:244,15,0,2
BRDA:245,16,0,2
BRDA:245,16,1,0
BRDA:246,17,0,2
BRDA:246,17,1,0
BRDA:254,18,0,2
BRDA:254,18,1,0
BRDA:296,19,0,2
BRDA:296,19,1,0
BRDA:318,20,0,0
BRDA:320,21,0,9
BRDA:330,22,0,0
BRDA:354,23,0,0
BRDA:368,24,0,1
BRDA:391,25,0,2
BRDA:396,26,0,2
BRDA:396,26,1,0
BRDA:408,27,0,2
BRDA:408,27,1,2
BRDA:408,27,2,0
BRDA:409,28,0,2
BRDA:409,28,1,2
BRDA:409,28,2,2
BRDA:412,29,0,2
BRDA:412,29,1,0
BRDA:426,30,0,1
BRDA:426,30,1,47
BRDA:426,31,0,48
BRDA:426,31,1,4
BRDA:428,32,0,3
BRDA:458,33,0,55
BRDA:465,34,0,3
BRDA:467,35,0,3
BRDA:481,36,0,1
BRDA:481,37,0,65
BRDA:481,37,1,64
BRDA:481,37,2,20
BRDA:482,38,0,1
BRDA:485,39,0,0
BRDA:494,40,0,5
BRDA:540,41,0,58
BRDA:540,41,1,0
BRDA:563,42,0,4
BRDA:565,43,0,4
BRDA:565,43,1,0
BRDA:588,44,0,17
BRDA:588,44,1,30
BRDA:634,45,0,17
BRDA:634,45,1,3
BRDA:639,46,0,3
BRDA:666,47,0,1
BRDA:673,48,0,18
BRDA:673,49,0,20
BRDA:673,49,1,5
BRDA:676,50,0,1
BRDA:678,51,0,1
BRDA:679,52,0,1
BRDA:679,52,1,0
BRDA:685,53,0,1
BRDA:686,54,0,1
BRDA:686,54,1,0
BRDA:693,55,0,52
BRDA:702,56,0,1
BRDA:702,56,1,2
BRF:88
BRH:66
end_of_record
TN:
SF:src\interceptors\index.ts
FN:10,(anonymous_0)
FN:19,(anonymous_1)
FN:30,(anonymous_2)
FN:39,(anonymous_3)
FN:46,(anonymous_4)
FN:47,(anonymous_5)
FN:68,runRequestInterceptors
FN:74,(anonymous_7)
FN:76,(anonymous_8)
FN:77,(anonymous_9)
FN:92,runResponseInterceptors
FN:98,(anonymous_11)
FN:100,(anonymous_12)
FN:101,(anonymous_13)
FNF:14
FNH:13
FNDA:156,(anonymous_0)
FNDA:31,(anonymous_1)
FNDA:2,(anonymous_2)
FNDA:25,(anonymous_3)
FNDA:116,(anonymous_4)
FNDA:27,(anonymous_5)
FNDA:55,runRequestInterceptors
FNDA:10,(anonymous_7)
FNDA:9,(anonymous_8)
FNDA:1,(anonymous_9)
FNDA:38,runResponseInterceptors
FNDA:8,(anonymous_11)
FNDA:8,(anonymous_12)
FNDA:0,(anonymous_13)
DA:10,4
DA:11,156
DA:23,31
DA:24,31
DA:31,2
DA:32,2
DA:40,25
DA:47,116
DA:48,27
DA:49,25
DA:58,4
DA:63,4
DA:68,4
DA:72,55
DA:74,55
DA:75,10
DA:76,9
DA:78,1
DA:79,1
DA:81,0
DA:86,55
DA:92,4
DA:96,38
DA:98,38
DA:99,8
DA:100,8
DA:102,0
DA:103,0
DA:105,0
DA:110,38
LF:30
LH:26
BRDA:31,0,0,2
BRDA:48,1,0,25
BRDA:78,2,0,1
BRDA:102,3,0,0
BRF:4
BRH:3
end_of_record
TN:
SF:src\message\channel.ts
FN:65,(anonymous_0)
FN:76,(anonymous_1)
FN:83,(anonymous_2)
FN:90,(anonymous_3)
FN:98,(anonymous_4)
FN:105,(anonymous_5)
FN:113,(anonymous_6)
FN:123,(anonymous_7)
FN:142,(anonymous_8)
FN:157,(anonymous_9)
FN:169,(anonymous_10)
FN:186,(anonymous_11)
FN:193,(anonymous_12)
FNF:13
FNH:13
FNDA:97,(anonymous_0)
FNDA:225,(anonymous_1)
FNDA:155,(anonymous_2)
FNDA:187,(anonymous_3)
FNDA:125,(anonymous_4)
FNDA:3,(anonymous_5)
FNDA:197,(anonymous_6)
FNDA:578,(anonymous_7)
FNDA:3411,(anonymous_8)
FNDA:242,(anonymous_9)
FNDA:2,(anonymous_10)
FNDA:157,(anonymous_11)
FNDA:95,(anonymous_12)
DA:4,8
DA:26,8
DA:49,8
DA:57,97
DA:63,97
DA:66,97
DA:67,97
DA:68,97
DA:69,97
DA:77,225
DA:84,155
DA:91,187
DA:99,125
DA:106,3
DA:114,197
DA:124,578
DA:127,578
DA:128,1
DA:132,577
DA:133,379
DA:135,198
DA:139,197
DA:142,197
DA:143,3411
DA:144,3411
DA:146,1
DA:158,242
DA:176,2
DA:180,2
DA:187,157
DA:194,95
DA:195,95
LF:32
LH:32
BRDA:65,0,0,57
BRDA:127,1,0,1
BRDA:132,2,0,379
BRDA:132,2,1,198
BRDA:133,3,0,374
BRDA:135,4,0,6
BRDA:157,5,0,1
BRDA:187,6,0,6
BRDA:187,6,1,151
BRF:9
BRH:9
end_of_record
TN:
SF:src\message\dispatcher.ts
FN:93,(anonymous_0)
FN:101,(anonymous_1)
FN:114,(anonymous_2)
FN:122,(anonymous_3)
FN:129,(anonymous_4)
FN:161,(anonymous_6)
FN:163,(anonymous_7)
FN:174,(anonymous_8)
FN:175,(anonymous_9)
FN:184,(anonymous_10)
FN:237,(anonymous_11)
FN:258,(anonymous_12)
FN:277,(anonymous_13)
FN:300,(anonymous_14)
FN:307,(anonymous_15)
FN:314,(anonymous_16)
FNF:16
FNH:16
FNDA:213,(anonymous_0)
FNDA:3403,(anonymous_1)
FNDA:4,(anonymous_2)
FNDA:2,(anonymous_3)
FNDA:3,(anonymous_4)
FNDA:3167,(anonymous_6)
FNDA:653,(anonymous_7)
FNDA:1,(anonymous_8)
FNDA:1,(anonymous_9)
FNDA:3422,(anonymous_10)
FNDA:19663,(anonymous_11)
FNDA:4,(anonymous_12)
FNDA:150,(anonymous_13)
FNDA:155,(anonymous_14)
FNDA:184,(anonymous_15)
FNDA:154,(anonymous_16)
DA:1,8
DA:5,8
DA:68,8
DA:85,213
DA:91,213
DA:94,213
DA:95,213
DA:96,213
DA:97,213
DA:98,213
DA:101,213
DA:102,3403
DA:106,213
DA:115,4
DA:123,2
DA:130,3
DA:147,1158
DA:151,1158
DA:159,1158
DA:161,3167
DA:163,1158
DA:164,653
DA:165,653
DA:166,653
DA:175,1
DA:176,1
DA:177,1
DA:186,3422
DA:187,3
DA:193,3419
DA:194,2637
DA:197,2637
DA:199,914
DA:203,2505
DA:204,2505
DA:206,2505
DA:207,19663
DA:209,1901
DA:210,1
DA:214,1900
DA:215,1886
DA:217,3
DA:218,3
DA:222,1897
DA:223,1897
DA:228,1
DA:238,19663
DA:239,17172
DA:241,2491
DA:242,1
DA:244,2490
DA:245,2490
DA:247,0
DA:260,4
DA:261,3
DA:263,4
DA:264,3
DA:266,4
DA:286,150
DA:292,150
DA:301,155
DA:308,184
DA:315,154
DA:316,154
LF:64
LH:63
BRDA:147,0,0,2
BRDA:147,0,1,1156
BRDA:149,1,0,1156
BRDA:149,1,1,15
BRDA:154,2,0,1158
BRDA:154,2,1,1154
BRDA:165,3,0,653
BRDA:176,4,0,1
BRDA:186,5,0,3
BRDA:193,6,0,2637
BRDA:194,7,0,2528
BRDA:194,7,1,109
BRDA:197,8,0,914
BRDA:207,9,0,1901
BRDA:209,10,0,1
BRDA:214,11,0,1886
BRDA:214,12,0,1900
BRDA:214,12,1,1886
BRDA:215,13,0,3
BRDA:238,14,0,17172
BRDA:241,15,0,1
BRDA:244,16,0,2490
BRDA:258,17,0,1
BRDA:260,18,0,3
BRDA:263,19,0,3
BRDA:263,20,0,4
BRDA:263,20,1,3
BRF:27
BRH:27
end_of_record
TN:
SF:src\message\index.ts
FN:1,(anonymous_0)
FN:1,(anonymous_1)
FN:3,(anonymous_2)
FNF:3
FNH:3
FNDA:40,(anonymous_0)
FNDA:183,(anonymous_1)
FNDA:181,(anonymous_2)
DA:1,191
DA:3,189
LF:2
LH:2
BRF:0
BRH:0
end_of_record
TN:
SF:src\stream\file-stream.ts
FN:13,uint8ArrayToBase64
FN:24,base64ToUint8Array
FN:42,(anonymous_2)
FN:62,(anonymous_3)
FN:90,(anonymous_4)
FN:109,(anonymous_5)
FN:125,(anonymous_6)
FN:135,(anonymous_7)
FN:151,(anonymous_8)
FN:162,(anonymous_9)
FN:173,(anonymous_10)
FN:184,(anonymous_11)
FNF:12
FNH:12
FNDA:2,uint8ArrayToBase64
FNDA:9,base64ToUint8Array
FNDA:10,(anonymous_2)
FNDA:9,(anonymous_3)
FNDA:14,(anonymous_4)
FNDA:11,(anonymous_5)
FNDA:11,(anonymous_6)
FNDA:2,(anonymous_7)
FNDA:1,(anonymous_8)
FNDA:5,(anonymous_9)
FNDA:1,(anonymous_10)
FNDA:1,(anonymous_11)
DA:1,5
DA:2,5
DA:8,5
DA:14,2
DA:15,2
DA:16,7
DA:18,2
DA:25,9
DA:26,9
DA:27,9
DA:28,89
DA:30,9
DA:37,5
DA:43,10
DA:54,10
DA:55,10
DA:56,10
DA:63,9
DA:64,0
DA:66,9
DA:67,1
DA:69,8
DA:71,7
DA:74,1
DA:82,5
DA:96,14
DA:101,14
DA:102,14
DA:103,14
DA:110,11
DA:111,9
DA:113,2
DA:114,0
DA:116,2
DA:117,1
DA:119,1
DA:126,11
DA:127,11
DA:128,1
DA:130,10
DA:131,9
DA:135,2
DA:136,1
DA:139,1
DA:140,1
DA:141,2
DA:142,2
DA:145,1
DA:152,1
DA:154,1
DA:155,1
DA:163,5
DA:165,5
DA:166,5
DA:167,5
DA:174,1
DA:176,1
DA:177,1
DA:178,1
DA:185,1
DA:186,1
DA:187,1
LF:62
LH:60
BRDA:49,0,0,10
BRDA:49,0,1,0
BRDA:55,1,0,10
BRDA:55,1,1,0
BRDA:63,2,0,0
BRDA:66,3,0,1
BRDA:69,4,0,7
BRDA:94,5,0,5
BRDA:101,6,0,14
BRDA:101,6,1,7
BRDA:102,7,0,14
BRDA:102,7,1,5
BRDA:103,8,0,14
BRDA:103,8,1,13
BRDA:110,9,0,9
BRDA:113,10,0,0
BRDA:116,11,0,1
BRDA:127,12,0,1
BRDA:130,13,0,9
BRDA:155,14,0,1
BRDA:155,14,1,0
BRDA:166,15,0,5
BRDA:166,15,1,0
BRDA:166,15,2,0
BRDA:167,16,0,5
BRDA:167,16,1,0
BRDA:187,17,0,1
BRDA:187,17,1,0
BRF:28
BRH:19
end_of_record
TN:
SF:src\stream\index.ts
FN:5,(anonymous_4)
FN:6,(anonymous_5)
FN:9,(anonymous_6)
FN:10,(anonymous_7)
FN:21,isIframeReadableStream
FN:28,isIframeFileReadableStream
FN:35,isIframeWritableStream
FN:42,isIframeFileWritableStream
FNF:8
FNH:8
FNDA:21,(anonymous_4)
FNDA:10,(anonymous_5)
FNDA:15,(anonymous_6)
FNDA:14,(anonymous_7)
FNDA:4,isIframeReadableStream
FNDA:2,isIframeFileReadableStream
FNDA:139,isIframeWritableStream
FNDA:2,isIframeFileWritableStream
DA:2,5
DA:5,26
DA:6,15
DA:9,20
DA:10,19
DA:13,5
DA:14,5
DA:15,5
DA:21,5
DA:22,4
DA:28,5
DA:29,2
DA:35,5
DA:36,139
DA:42,5
DA:43,2
LF:16
LH:16
BRDA:36,0,0,139
BRDA:36,0,1,139
BRF:2
BRH:2
end_of_record
TN:
SF:src\stream\readable-stream.ts
FN:43,(anonymous_0)
FN:62,(anonymous_1)
FN:69,(anonymous_2)
FN:89,(anonymous_3)
FN:104,(anonymous_4)
FN:111,(anonymous_5)
FN:131,(anonymous_6)
FN:145,(anonymous_7)
FN:163,(anonymous_8)
FN:182,(anonymous_9)
FN:183,(anonymous_10)
FN:202,(anonymous_11)
FN:207,(anonymous_12)
FN:214,(anonymous_13)
FN:225,(anonymous_14)
FN:248,(anonymous_15)
FN:258,(anonymous_16)
FNF:17
FNH:16
FNDA:29,(anonymous_0)
FNDA:7,(anonymous_1)
FNDA:29,(anonymous_2)
FNDA:20,(anonymous_3)
FNDA:11,(anonymous_4)
FNDA:18,(anonymous_5)
FNDA:3,(anonymous_6)
FNDA:2,(anonymous_7)
FNDA:0,(anonymous_8)
FNDA:12,(anonymous_9)
FNDA:12,(anonymous_10)
FNDA:3,(anonymous_11)
FNDA:9,(anonymous_12)
FNDA:3,(anonymous_13)
FNDA:3,(anonymous_14)
FNDA:2,(anonymous_15)
FNDA:1,(anonymous_16)
DA:8,5
DA:9,5
DA:27,5
DA:33,29
DA:34,29
DA:49,29
DA:50,29
DA:51,29
DA:52,29
DA:53,29
DA:54,29
DA:55,29
DA:58,29
DA:63,7
DA:70,29
DA:72,20
DA:73,20
DA:75,7
DA:76,7
DA:78,2
DA:79,2
DA:81,0
DA:82,0
DA:90,20
DA:92,20
DA:93,20
DA:94,20
DA:96,20
DA:97,11
DA:105,11
DA:112,18
DA:114,18
DA:115,18
DA:117,18
DA:119,4
DA:120,4
DA:121,4
DA:122,4
DA:125,18
DA:132,3
DA:133,0
DA:135,3
DA:136,2
DA:139,1
DA:146,2
DA:148,2
DA:149,2
DA:151,2
DA:152,0
DA:153,0
DA:154,0
DA:157,2
DA:164,0
DA:166,0
DA:167,0
DA:169,0
DA:170,0
DA:171,0
DA:172,0
DA:173,0
DA:176,0
DA:183,12
DA:184,12
DA:185,7
DA:186,7
DA:189,5
DA:190,1
DA:191,1
DA:194,4
DA:195,4
DA:203,3
DA:204,3
DA:206,3
DA:209,9
DA:210,5
DA:211,2
DA:214,3
DA:217,7
DA:226,3
DA:228,1
DA:231,1
DA:240,1
DA:242,1
DA:249,2
DA:250,2
DA:251,1
DA:259,1
LF:87
LH:72
BRDA:47,0,0,11
BRDA:52,1,0,29
BRDA:52,1,1,11
BRDA:53,2,0,29
BRDA:53,2,1,20
BRDA:70,3,0,20
BRDA:70,3,1,7
BRDA:70,3,2,2
BRDA:70,3,3,0
BRDA:78,4,0,2
BRDA:78,4,1,0
BRDA:90,5,0,0
BRDA:90,6,0,20
BRDA:90,6,1,5
BRDA:96,7,0,11
BRDA:112,8,0,0
BRDA:117,9,0,4
BRDA:132,10,0,0
BRDA:135,11,0,2
BRDA:146,12,0,0
BRDA:146,13,0,2
BRDA:146,13,1,2
BRDA:151,14,0,0
BRDA:164,15,0,0
BRDA:164,16,0,0
BRDA:164,16,1,0
BRDA:164,16,2,0
BRDA:169,17,0,0
BRDA:169,17,1,0
BRDA:170,18,0,0
BRDA:184,19,0,7
BRDA:189,20,0,1
BRDA:189,21,0,5
BRDA:189,21,1,4
BRDA:210,22,0,2
BRDA:210,23,0,5
BRDA:210,23,1,3
BRDA:210,23,2,3
BRDA:226,24,0,2
BRDA:226,25,0,3
BRDA:226,25,1,2
BRDA:250,26,0,1
BRF:42
BRH:28
end_of_record
TN:
SF:src\stream\writable-stream.ts
FN:15,generateStreamId
FN:35,(anonymous_1)
FN:46,(anonymous_2)
FN:54,(anonymous_3)
FN:61,(anonymous_4)
FN:85,(anonymous_5)
FN:123,(anonymous_6)
FN:149,(anonymous_7)
FN:174,(anonymous_8)
FN:184,(anonymous_9)
FN:191,(anonymous_10)
FN:201,(anonymous_11)
FN:213,(anonymous_12)
FNF:13
FNH:13
FNDA:31,generateStreamId
FNDA:31,(anonymous_1)
FNDA:11,(anonymous_2)
FNDA:22,(anonymous_3)
FNDA:64,(anonymous_4)
FNDA:20,(anonymous_5)
FNDA:8,(anonymous_6)
FNDA:9,(anonymous_7)
FNDA:24,(anonymous_8)
FNDA:17,(anonymous_9)
FNDA:15,(anonymous_10)
FNDA:3,(anonymous_11)
FNDA:4,(anonymous_12)
DA:9,5
DA:10,5
DA:16,31
DA:23,5
DA:28,31
DA:29,31
DA:36,31
DA:37,31
DA:38,31
DA:39,31
DA:40,31
DA:41,31
DA:42,31
DA:47,11
DA:55,22
DA:62,64
DA:63,0
DA:65,64
DA:66,64
DA:67,64
DA:68,64
DA:79,64
DA:86,20
DA:87,1
DA:90,19
DA:91,0
DA:94,19
DA:97,19
DA:104,19
DA:105,19
DA:107,8
DA:108,11
DA:110,9
DA:113,2
DA:116,0
DA:124,8
DA:126,8
DA:128,8
DA:129,8
DA:130,15
DA:131,1
DA:133,14
DA:136,6
DA:137,5
DA:140,2
DA:141,2
DA:150,9
DA:152,9
DA:153,9
DA:154,11
DA:156,10
DA:157,8
DA:158,8
DA:159,8
DA:162,2
DA:165,1
DA:166,1
DA:175,24
DA:185,17
DA:192,15
DA:194,15
DA:195,15
DA:202,3
DA:204,3
DA:205,3
DA:214,4
DA:216,3
DA:218,3
DA:219,3
LF:69
LH:66
BRDA:35,0,0,9
BRDA:37,1,0,31
BRDA:37,1,1,20
BRDA:38,2,0,31
BRDA:38,2,1,23
BRDA:62,3,0,0
BRDA:65,4,0,64
BRDA:65,4,1,15
BRDA:66,5,0,15
BRDA:66,5,1,49
BRDA:67,6,0,64
BRDA:67,6,1,41
BRDA:86,7,0,1
BRDA:90,8,0,0
BRDA:105,9,0,8
BRDA:105,9,1,11
BRDA:108,10,0,9
BRDA:108,10,1,2
BRDA:116,11,0,0
BRDA:116,11,1,0
BRDA:124,12,0,0
BRDA:130,13,0,1
BRDA:136,14,0,5
BRDA:140,15,0,2
BRDA:141,16,0,2
BRDA:141,16,1,0
BRDA:150,17,0,0
BRDA:156,18,0,8
BRDA:165,19,0,1
BRDA:166,20,0,1
BRDA:166,20,1,0
BRDA:174,21,0,16
BRDA:192,22,0,0
BRDA:202,23,0,0
BRDA:214,24,0,1
BRDA:214,25,0,4
BRDA:214,25,1,2
BRDA:218,26,0,3
BRF:38
BRH:28
end_of_record
TN:
SF:src\utils\cache.ts
FN:19,getChannelCacheForWindow
FN:31,getCacheKey
FN:42,getOrCreateMessageChannel
FN:63,releaseMessageChannel
FN:80,clearMessageChannelCache
FN:82,(anonymous_5)
FN:91,getServerCacheForWindow
FN:102,getServerCacheKey
FN:111,getCachedServer
FN:128,cacheServer
FN:145,removeCachedServer
FN:156,clearServerCache
FN:158,(anonymous_12)
FNF:13
FNH:13
FNDA:217,getChannelCacheForWindow
FNDA:216,getCacheKey
FNDA:183,getOrCreateMessageChannel
FNDA:121,releaseMessageChannel
FNDA:1,clearMessageChannelCache
FNDA:4,(anonymous_5)
FNDA:311,getServerCacheForWindow
FNDA:15,getServerCacheKey
FNDA:10,getCachedServer
FNDA:6,cacheServer
FNDA:3,removeCachedServer
FNDA:296,clearServerCache
FNDA:3,(anonymous_12)
DA:1,8
DA:8,8
DA:14,8
DA:20,217
DA:21,4
DA:23,217
DA:32,216
DA:42,8
DA:46,183
DA:47,183
DA:49,183
DA:50,183
DA:51,40
DA:52,40
DA:55,183
DA:56,183
DA:63,8
DA:64,121
DA:66,121
DA:67,33
DA:68,33
DA:70,33
DA:71,32
DA:72,32
DA:80,8
DA:81,1
DA:82,1
DA:83,4
DA:85,1
DA:92,311
DA:93,4
DA:95,311
DA:103,15
DA:111,8
DA:115,10
DA:117,8
DA:118,8
DA:119,8
DA:128,8
DA:133,6
DA:135,6
DA:136,6
DA:137,6
DA:145,8
DA:146,3
DA:148,1
DA:149,1
DA:150,1
DA:156,8
DA:157,296
DA:158,296
DA:159,3
DA:161,296
LF:53
LH:53
BRDA:20,0,0,4
BRDA:32,1,0,216
BRDA:32,1,1,190
BRDA:44,2,0,183
BRDA:50,3,0,40
BRDA:66,4,0,33
BRDA:70,5,0,32
BRDA:92,6,0,4
BRDA:103,7,0,15
BRDA:103,7,1,5
BRDA:103,8,0,15
BRDA:103,8,1,0
BRDA:115,9,0,2
BRDA:119,10,0,8
BRDA:119,10,1,6
BRDA:133,11,0,0
BRDA:146,12,0,2
BRF:17
BRH:15
end_of_record
TN:
SF:src\utils\cookie.ts
FN:48,parseSetCookie
FN:51,(anonymous_1)
FN:115,serializeSetCookie
FN:144,createSetCookie
FN:176,createClearCookie
FN:188,matchCookiePath
FN:212,normalizePath
FN:228,(anonymous_7)
FN:234,(anonymous_8)
FN:241,(anonymous_9)
FN:249,(anonymous_10)
FN:264,(anonymous_11)
FN:274,(anonymous_12)
FN:278,(anonymous_13)
FN:301,(anonymous_14)
FN:325,(anonymous_15)
FN:329,(anonymous_16)
FN:341,(anonymous_17)
FN:345,(anonymous_18)
FN:357,(anonymous_19)
FN:364,(anonymous_20)
FN:368,(anonymous_21)
FN:374,(anonymous_22)
FNF:23
FNH:22
FNDA:13,parseSetCookie
FNDA:26,(anonymous_1)
FNDA:0,serializeSetCookie
FNDA:9,createSetCookie
FNDA:3,createClearCookie
FNDA:36,matchCookiePath
FNDA:72,normalizePath
FNDA:82,(anonymous_7)
FNDA:33,(anonymous_8)
FNDA:28,(anonymous_9)
FNDA:4,(anonymous_10)
FNDA:3,(anonymous_11)
FNDA:64,(anonymous_12)
FNDA:29,(anonymous_13)
FNDA:17,(anonymous_14)
FNDA:1,(anonymous_15)
FNDA:2,(anonymous_16)
FNDA:5,(anonymous_17)
FNDA:5,(anonymous_18)
FNDA:14,(anonymous_19)
FNDA:1,(anonymous_20)
FNDA:2,(anonymous_21)
FNDA:1,(anonymous_22)
DA:48,8
DA:49,13
DA:51,26
DA:52,13
DA:55,13
DA:56,13
DA:57,13
DA:59,13
DA:60,13
DA:62,13
DA:64,13
DA:71,13
DA:72,13
DA:73,13
DA:75,13
DA:77,2
DA:78,2
DA:79,1
DA:80,1
DA:81,1
DA:85,11
DA:86,11
DA:88,11
DA:89,5
DA:90,6
DA:91,2
DA:92,2
DA:93,2
DA:95,4
DA:96,1
DA:97,1
DA:98,1
DA:100,3
DA:101,3
DA:102,3
DA:103,3
DA:109,13
DA:115,8
DA:116,0
DA:118,0
DA:119,0
DA:122,0
DA:123,0
DA:126,0
DA:127,0
DA:130,0
DA:131,0
DA:134,0
DA:135,0
DA:138,0
DA:144,8
DA:145,9
DA:147,9
DA:148,9
DA:150,9
DA:151,0
DA:152,9
DA:153,0
DA:154,0
DA:155,0
DA:158,9
DA:159,2
DA:162,9
DA:163,1
DA:166,9
DA:167,3
DA:170,9
DA:176,8
DA:177,3
DA:179,3
DA:188,8
DA:190,36
DA:191,36
DA:194,36
DA:195,8
DA:199,28
DA:201,16
DA:202,15
DA:206,13
DA:213,72
DA:215,72
DA:216,0
DA:219,72
DA:220,0
DA:222,72
DA:228,8
DA:229,82
DA:235,33
DA:242,28
DA:243,28
DA:250,4
DA:251,4
DA:253,4
DA:254,1
DA:256,3
DA:265,3
DA:266,3
DA:275,64
DA:276,64
DA:278,64
DA:280,29
DA:281,1
DA:285,28
DA:287,18
DA:288,18
DA:293,64
DA:302,17
DA:303,2
DA:304,2
DA:305,2
DA:306,1
DA:308,1
DA:312,15
DA:313,14
DA:314,10
DA:315,10
DA:319,5
DA:326,1
DA:327,1
DA:329,1
DA:330,2
DA:331,2
DA:335,1
DA:342,5
DA:343,5
DA:345,5
DA:346,5
DA:347,5
DA:351,5
DA:358,14
DA:365,1
DA:366,1
DA:368,1
DA:369,2
DA:370,1
DA:374,1
LF:136
LH:118
BRDA:49,0,0,0
BRDA:52,1,0,0
BRDA:57,2,0,0
BRDA:62,3,0,0
BRDA:75,4,0,2
BRDA:75,4,1,11
BRDA:78,5,0,1
BRDA:78,5,1,1
BRDA:80,6,0,1
BRDA:88,7,0,5
BRDA:88,7,1,6
BRDA:89,8,0,5
BRDA:89,8,1,0
BRDA:90,9,0,2
BRDA:90,9,1,4
BRDA:92,10,0,2
BRDA:95,11,0,1
BRDA:95,11,1,3
BRDA:97,12,0,1
BRDA:100,13,0,3
BRDA:102,14,0,3
BRDA:102,15,0,3
BRDA:102,15,1,2
BRDA:102,15,2,1
BRDA:118,16,0,0
BRDA:122,17,0,0
BRDA:126,18,0,0
BRDA:130,19,0,0
BRDA:134,20,0,0
BRDA:147,21,0,9
BRDA:147,21,1,7
BRDA:150,22,0,0
BRDA:150,22,1,9
BRDA:152,23,0,0
BRDA:158,24,0,2
BRDA:162,25,0,1
BRDA:166,26,0,3
BRDA:177,27,0,3
BRDA:177,27,1,1
BRDA:194,28,0,8
BRDA:199,29,0,16
BRDA:201,30,0,15
BRDA:201,31,0,16
BRDA:201,31,1,5
BRDA:213,32,0,0
BRDA:213,33,0,72
BRDA:213,33,1,72
BRDA:215,34,0,0
BRDA:219,35,0,0
BRDA:219,36,0,72
BRDA:219,36,1,51
BRDA:251,37,0,4
BRDA:253,38,0,1
BRDA:253,38,1,3
BRDA:253,39,0,4
BRDA:253,39,1,1
BRDA:264,40,0,0
BRDA:280,41,0,1
BRDA:280,42,0,29
BRDA:280,42,1,1
BRDA:285,43,0,18
BRDA:287,44,0,18
BRDA:302,45,0,2
BRDA:305,46,0,1
BRDA:305,47,0,2
BRDA:305,47,1,1
BRDA:305,47,2,0
BRDA:313,48,0,10
BRDA:314,49,0,10
BRDA:314,50,0,10
BRDA:314,50,1,2
BRDA:330,51,0,2
BRDA:330,52,0,2
BRDA:330,52,1,0
BRDA:346,53,0,5
BRDA:346,54,0,5
BRDA:346,54,1,0
BRDA:369,55,0,1
BRDA:369,56,0,2
BRDA:369,56,1,1
BRF:80
BRH:61
end_of_record
TN:
SF:src\utils\debug.ts
FN:13,log
FN:27,formatMessageData
FN:54,setupClientDebugInterceptors
FN:56,(anonymous_3)
FN:72,(anonymous_4)
FN:106,(anonymous_5)
FN:129,setupClientMessageDebugging
FN:135,(anonymous_7)
FN:142,(anonymous_8)
FN:197,(anonymous_9)
FN:209,(anonymous_10)
FN:238,setupServerDebugListeners
FN:243,(anonymous_12)
FN:266,(anonymous_13)
FN:276,(anonymous_14)
FN:287,(anonymous_15)
FN:305,(anonymous_16)
FN:323,(anonymous_17)
FN:342,(anonymous_18)
FN:370,setupServerMessageDebugging
FN:376,(anonymous_20)
FN:442,(anonymous_21)
FN:457,(anonymous_22)
FN:464,(anonymous_23)
FNF:24
FNH:23
FNDA:82,log
FNDA:60,formatMessageData
FNDA:6,setupClientDebugInterceptors
FNDA:4,(anonymous_3)
FNDA:6,(anonymous_4)
FNDA:2,(anonymous_5)
FNDA:5,setupClientMessageDebugging
FNDA:4,(anonymous_7)
FNDA:6,(anonymous_8)
FNDA:0,(anonymous_9)
FNDA:4,(anonymous_10)
FNDA:7,setupServerDebugListeners
FNDA:7,(anonymous_12)
FNDA:2,(anonymous_13)
FNDA:8,(anonymous_14)
FNDA:6,(anonymous_15)
FNDA:2,(anonymous_16)
FNDA:2,(anonymous_17)
FNDA:2,(anonymous_18)
FNDA:7,setupServerMessageDebugging
FNDA:13,(anonymous_20)
FNDA:6,(anonymous_21)
FNDA:6,(anonymous_22)
FNDA:6,(anonymous_23)
DA:3,4
DA:8,4
DA:14,82
DA:15,82
DA:17,82
DA:18,82
DA:20,0
DA:28,60
DA:30,60
DA:33,60
DA:34,5
DA:35,5
DA:36,0
DA:41,60
DA:42,11
DA:43,11
DA:44,0
DA:48,60
DA:54,4
DA:56,6
DA:57,4
DA:67,4
DA:71,6
DA:73,6
DA:81,6
DA:82,2
DA:83,2
DA:84,2
DA:85,2
DA:87,2
DA:92,2
DA:93,4
DA:94,1
DA:98,1
DA:100,3
DA:101,3
DA:104,6
DA:107,2
DA:114,2
DA:120,6
DA:121,6
DA:122,5
DA:130,5
DA:133,5
DA:134,5
DA:135,5
DA:142,4
DA:143,6
DA:144,3
DA:148,3
DA:149,0
DA:153,3
DA:154,1
DA:155,1
DA:163,2
DA:164,0
DA:165,0
DA:171,2
DA:172,0
DA:173,0
DA:177,2
DA:178,2
DA:184,0
DA:185,0
DA:193,6
DA:197,4
DA:198,0
DA:199,0
DA:202,4
DA:207,5
DA:208,5
DA:209,5
DA:216,4
DA:217,4
DA:223,0
DA:224,0
DA:225,0
DA:226,0
DA:229,4
DA:238,4
DA:239,7
DA:240,7
DA:243,7
DA:244,7
DA:245,7
DA:247,7
DA:258,7
DA:259,7
DA:260,7
DA:261,7
DA:262,7
DA:263,7
DA:266,7
DA:267,2
DA:272,2
DA:276,7
DA:277,8
DA:283,8
DA:287,7
DA:288,6
DA:289,6
DA:291,6
DA:301,6
DA:305,7
DA:306,2
DA:307,2
DA:309,2
DA:319,2
DA:323,7
DA:324,2
DA:325,2
DA:327,2
DA:337,2
DA:341,7
DA:342,6
DA:343,2
DA:344,2
DA:346,2
DA:354,2
DA:358,7
DA:362,7
DA:363,7
DA:371,7
DA:374,7
DA:375,7
DA:376,7
DA:383,13
DA:384,6
DA:388,7
DA:389,2
DA:393,5
DA:394,1
DA:395,1
DA:403,4
DA:404,1
DA:405,1
DA:411,3
DA:412,1
DA:413,1
DA:417,2
DA:418,1
DA:425,1
DA:426,1
DA:435,13
DA:440,7
DA:441,7
DA:442,7
DA:443,6
DA:450,6
DA:455,7
DA:456,7
DA:457,7
DA:458,6
DA:459,6
DA:464,6
DA:465,6
DA:466,6
DA:471,6
LF:158
LH:142
BRDA:17,0,0,82
BRDA:17,0,1,0
BRDA:28,1,0,0
BRDA:33,2,0,5
BRDA:33,3,0,60
BRDA:33,3,1,5
BRDA:35,4,0,0
BRDA:41,5,0,11
BRDA:41,6,0,60
BRDA:41,6,1,11
BRDA:43,7,0,0
BRDA:81,8,0,2
BRDA:81,8,1,4
BRDA:81,9,0,6
BRDA:81,9,1,5
BRDA:83,10,0,1
BRDA:83,10,1,1
BRDA:84,11,0,2
BRDA:84,11,1,0
BRDA:93,12,0,1
BRDA:93,12,1,3
BRDA:121,13,0,5
BRDA:121,14,0,6
BRDA:121,14,1,5
BRDA:134,15,0,5
BRDA:143,16,0,3
BRDA:143,16,1,3
BRDA:148,17,0,0
BRDA:148,17,1,3
BRDA:153,18,0,1
BRDA:153,18,1,2
BRDA:163,19,0,0
BRDA:163,19,1,2
BRDA:169,20,0,0
BRDA:169,20,1,0
BRDA:171,21,0,0
BRDA:171,21,1,2
BRDA:177,22,0,2
BRDA:177,22,1,0
BRDA:184,23,0,0
BRDA:208,24,0,5
BRDA:216,25,0,4
BRDA:216,25,1,0
BRDA:223,26,0,0
BRDA:223,26,1,0
BRDA:225,27,0,0
BRDA:281,28,0,0
BRDA:281,28,1,8
BRDA:288,29,0,6
BRDA:288,29,1,1
BRDA:306,30,0,2
BRDA:306,30,1,1
BRDA:324,31,0,2
BRDA:324,31,1,1
BRDA:334,32,0,2
BRDA:334,32,1,0
BRDA:334,33,0,0
BRDA:334,33,1,0
BRDA:341,34,0,6
BRDA:343,35,0,2
BRDA:343,35,1,2
BRDA:362,36,0,7
BRDA:375,37,0,7
BRDA:383,38,0,6
BRDA:383,38,1,7
BRDA:388,39,0,2
BRDA:388,39,1,5
BRDA:393,40,0,1
BRDA:393,40,1,4
BRDA:394,41,0,1
BRDA:394,41,1,0
BRDA:403,42,0,1
BRDA:403,42,1,3
BRDA:404,43,0,1
BRDA:404,43,1,0
BRDA:409,44,0,1
BRDA:409,44,1,0
BRDA:411,45,0,1
BRDA:411,45,1,2
BRDA:412,46,0,1
BRDA:412,46,1,0
BRDA:417,47,0,1
BRDA:417,47,1,1
BRDA:425,48,0,1
BRDA:441,49,0,7
BRDA:456,50,0,7
BRF:86
BRH:62
end_of_record
TN:
SF:src\utils\index.ts
FN:4,generateRequestId
FN:11,generateInstanceId
FN:18,getIframeTargetOrigin
FN:30,isPromise
FN:35,(anonymous_8)
FN:36,(anonymous_9)
FN:37,(anonymous_10)
FN:38,(anonymous_11)
FN:39,(anonymous_12)
FN:40,(anonymous_13)
FN:41,(anonymous_14)
FN:61,detectContentType
FN:133,blobToBase64
FN:134,(anonymous_17)
FN:136,(anonymous_18)
FNF:15
FNH:12
FNDA:57,generateRequestId
FNDA:177,generateInstanceId
FNDA:75,getIframeTargetOrigin
FNDA:51,isPromise
FNDA:298,(anonymous_8)
FNDA:584,(anonymous_9)
FNDA:0,(anonymous_10)
FNDA:0,(anonymous_11)
FNDA:0,(anonymous_12)
FNDA:2505,(anonymous_13)
FNDA:181,(anonymous_14)
FNDA:79,detectContentType
FNDA:4,blobToBase64
FNDA:4,(anonymous_17)
FNDA:4,(anonymous_18)
DA:4,8
DA:5,57
DA:11,8
DA:12,177
DA:18,8
DA:19,75
DA:20,2
DA:22,73
DA:23,73
DA:25,0
DA:30,8
DA:31,51
DA:34,8
DA:35,306
DA:36,592
DA:37,8
DA:38,8
DA:39,8
DA:40,2513
DA:41,189
DA:45,8
DA:48,8
DA:51,8
DA:61,8
DA:65,79
DA:67,79
DA:70,79
DA:71,46
DA:72,0
DA:77,79
DA:78,0
DA:82,79
DA:83,0
DA:87,79
DA:88,0
DA:92,79
DA:94,0
DA:98,79
DA:99,1
DA:103,78
DA:105,1
DA:106,1
DA:107,0
DA:109,1
DA:114,77
DA:115,0
DA:119,77
DA:121,77
DA:122,77
DA:123,77
DA:124,77
DA:125,77
DA:126,77
DA:129,0
DA:133,8
DA:134,4
DA:135,4
DA:136,4
DA:137,4
DA:138,4
DA:139,4
DA:141,4
DA:142,4
LF:63
LH:54
BRDA:19,0,0,2
BRDA:31,1,0,51
BRDA:31,1,1,51
BRDA:31,1,2,22
BRDA:65,2,0,0
BRDA:65,3,0,79
BRDA:65,3,1,79
BRDA:67,4,0,0
BRDA:67,5,0,79
BRDA:67,5,1,0
BRDA:70,6,0,46
BRDA:70,7,0,79
BRDA:70,7,1,46
BRDA:71,8,0,0
BRDA:77,9,0,0
BRDA:77,10,0,79
BRDA:77,10,1,79
BRDA:78,11,0,0
BRDA:78,11,1,0
BRDA:82,12,0,0
BRDA:82,13,0,79
BRDA:82,13,1,79
BRDA:83,14,0,0
BRDA:83,14,1,0
BRDA:87,15,0,0
BRDA:87,16,0,79
BRDA:87,16,1,79
BRDA:92,17,0,0
BRDA:92,18,0,79
BRDA:92,18,1,79
BRDA:98,19,0,1
BRDA:98,20,0,79
BRDA:98,20,1,79
BRDA:103,21,0,1
BRDA:114,22,0,0
BRDA:114,23,0,77
BRDA:114,23,1,77
BRDA:119,24,0,77
BRDA:121,25,0,0
BRDA:121,26,0,77
BRDA:121,26,1,77
BRDA:122,27,0,0
BRDA:122,28,0,77
BRDA:122,28,1,77
BRDA:123,29,0,0
BRDA:123,30,0,77
BRDA:123,30,1,77
BRDA:124,31,0,0
BRDA:124,32,0,77
BRDA:124,32,1,77
BRDA:125,33,0,0
BRDA:125,34,0,77
BRDA:125,34,1,77
BRDA:138,35,0,4
BRDA:138,35,1,0
BRF:55
BRH:36
end_of_record
TN:
SF:src\utils\path-match.ts
FN:18,matchPath
FN:24,(anonymous_1)
FN:77,matchPattern
FN:104,matchPathWithParams
FNF:4
FNH:4
FNDA:26,matchPath
FNDA:4,(anonymous_1)
FNDA:5,matchPattern
FNDA:3,matchPathWithParams
DA:18,8
DA:20,26
DA:23,26
DA:24,4
DA:28,24
DA:29,2
DA:33,22
DA:35,22
DA:36,3
DA:40,19
DA:43,19
DA:48,9
DA:49,1
DA:52,8
DA:53,8
DA:57,10
DA:58,5
DA:62,5
DA:63,0
DA:66,5
DA:69,0
DA:81,5
DA:84,5
DA:85,5
DA:104,8
DA:106,3
DA:107,3
DA:110,3
DA:112,0
DA:119,3
DA:120,3
DA:122,3
DA:123,4
DA:129,3
DA:133,3
DA:134,3
DA:136,3
DA:137,0
DA:144,3
DA:145,3
DA:146,4
DA:149,3
LF:42
LH:38
BRDA:20,0,0,21
BRDA:20,0,1,5
BRDA:23,1,0,2
BRDA:28,2,0,2
BRDA:33,3,0,22
BRDA:35,4,0,3
BRDA:40,5,0,18
BRDA:40,5,1,1
BRDA:43,6,0,9
BRDA:48,7,0,1
BRDA:53,8,0,8
BRDA:53,8,1,7
BRDA:57,9,0,5
BRDA:62,10,0,0
BRDA:106,11,0,3
BRDA:106,11,1,0
BRDA:107,12,0,3
BRDA:107,12,1,0
BRDA:110,13,0,0
BRDA:136,14,0,0
BRF:20
BRH:15
end_of_record
TN:
SF:src\utils\protocol.ts
FN:13,validateProtocolVersion
FN:43,validatePostMessage
FN:99,isRequestIframeMessage
FN:116,createPostMessage
FN:139,isValidPostMessage
FN:154,getProtocolVersion
FN:170,isCompatibleVersion
FNF:7
FNH:7
FNDA:7,validateProtocolVersion
FNDA:5,validatePostMessage
FNDA:4,isRequestIframeMessage
FNDA:298,createPostMessage
FNDA:584,isValidPostMessage
FNDA:2509,getProtocolVersion
FNDA:1886,isCompatibleVersion
DA:2,8
DA:13,8
DA:14,7
DA:15,2
DA:22,5
DA:23,1
DA:32,4
DA:43,8
DA:45,5
DA:46,1
DA:54,4
DA:55,1
DA:63,3
DA:64,3
DA:65,0
DA:69,3
DA:70,1
DA:78,2
DA:79,1
DA:87,1
DA:99,8
DA:100,4
DA:116,8
DA:121,298
DA:139,8
DA:140,584
DA:154,8
DA:155,2509
DA:156,2506
DA:158,3
DA:170,8
DA:171,1886
LF:32
LH:31
BRDA:14,0,0,2
BRDA:14,1,0,7
BRDA:14,1,1,6
BRDA:22,2,0,1
BRDA:45,3,0,1
BRDA:45,4,0,5
BRDA:45,4,1,4
BRDA:54,5,0,1
BRDA:64,6,0,0
BRDA:69,7,0,1
BRDA:78,8,0,1
BRDA:101,9,0,4
BRDA:101,9,1,3
BRDA:101,9,2,3
BRDA:101,9,3,1
BRDA:101,9,4,1
BRDA:141,10,0,584
BRDA:141,10,1,583
BRDA:141,10,2,583
BRDA:141,10,3,580
BRDA:141,10,4,579
BRDA:155,11,0,2506
BRDA:155,12,0,2509
BRDA:155,12,1,2508
BRDA:155,12,2,2508
BRF:25
BRH:24
end_of_record
